2024-03-15 22:27:25,422 [INFO] LogOutputStream:77 - [STDOUT_REDIRECT] Doc changed: file:///rocket_code/Core/Src/nrf24l01p.c null
2024-03-15 22:59:48,445 [INFO] LogOutputStream:77 - [STDOUT_REDIRECT] Doc changed: file:///Users/Nick/Projects/STM32CubeIDE/workspace_1.14.0/rocket_code/Core/Src/main.c null
2024-03-15 22:59:48,476 [INFO] LogOutputStream:77 - [STDOUT_REDIRECT] Doc changed: file:///Users/Nick/Projects/STM32CubeIDE/workspace_1.14.0/rocket_code/Drivers/STM32F4xx_HAL_Driver/Src/stm32f4xx_hal_spi.c null
2024-03-15 22:59:48,492 [INFO] LogOutputStream:77 - [STDOUT_REDIRECT] Doc changed: file:///Users/Nick/Projects/STM32CubeIDE/workspace_1.14.0/rocket_code/Core/Startup/startup_stm32f407vetx.s null
2024-03-15 22:59:48,509 [INFO] LogOutputStream:77 - [STDOUT_REDIRECT] Doc changed: file:///Users/Nick/Projects/STM32CubeIDE/workspace_1.14.0/rocket_code/Core/Src/stm32f4xx_hal_msp.c null
2024-03-15 22:59:48,523 [INFO] LogOutputStream:77 - [STDOUT_REDIRECT] Doc changed: file:///Users/Nick/Projects/STM32CubeIDE/workspace_1.14.0/rocket_code/Drivers/STM32F4xx_HAL_Driver/Src/stm32f4xx_hal.c null
2024-03-15 22:59:48,564 [INFO] LogOutputStream:77 - [STDOUT_REDIRECT] Doc changed: file:///Users/Nick/Projects/STM32CubeIDE/workspace_1.14.0/rocket_code/Core/Src/nrf24.c null
2024-03-15 22:59:48,597 [INFO] LogOutputStream:77 - [STDOUT_REDIRECT] Doc changed: file:///Users/Nick/Projects/STM32CubeIDE/workspace_1.14.0/rocket_code/Core/Src/NRF24L01.c null
2024-03-15 22:59:49,244 [ERROR] LogOutputStream:75 - [STDERR_REDIRECT] 
2024-03-15 22:59:49,245 [ERROR] LogOutputStream:75 - [STDERR_REDIRECT] 
2024-03-15 22:59:58,500 [INFO] Activator:176 - 


2024-03-15 22:59:58,502 [INFO] Activator:177 - !SESSION log4j initialized
2024-03-15 23:00:02,018 [ERROR] LogOutputStream:75 - [STDERR_REDIRECT] 
2024-03-15 23:00:02,562 [INFO] LogOutputStream:77 - [STDOUT_REDIRECT] 
2024-03-15 23:00:03,813 [INFO] LogOutputStream:77 - [STDOUT_REDIRECT] 
2024-03-15 23:00:04,883 [INFO] ApplicationProperties:184 - Using Application install path: /Applications/STM32CubeIDE.app/Contents/Eclipse/plugins/com.st.stm32cube.common.mx_6.10.0.202311202037
2024-03-15 23:00:04,981 [INFO] DbMcusXml:78 - Set database path to: /Applications/STM32CubeIDE.app/Contents/Eclipse/plugins/com.st.stm32cube.common.mx_6.10.0.202311202037//db//mcu/
2024-03-15 23:00:04,982 [INFO] ApiDb:274 - Set plugin database path to: /Applications/STM32CubeIDE.app/Contents/Eclipse/plugins/com.st.stm32cube.common.mx_6.10.0.202311202037//db//plugins/boardmanager/
2024-03-15 23:00:04,989 [WARN] ApiDb:259 - Overriding images path with different value:  => /Applications/STM32CubeIDE.app/Contents/Eclipse/plugins/com.st.stm32cube.common.mx_6.10.0.202311202037//db//plugins/mcufinder/images/
2024-03-15 23:00:04,999 [INFO] ApiDb:250 - Set database path to: /Users/Nick/.stmcufinder/plugins/mcufinder//mcu/
2024-03-15 23:00:05,002 [INFO] DbMcusAds:125 - Set database path to: /Users/Nick/.stmcufinder/plugins/mcufinder//mcu/
2024-03-15 23:00:05,005 [INFO] CrossReferenceDbSqlite:203 - Set database path to: /Users/Nick/.stmcufinder/plugins/mcufinder//mcu/cs/
2024-03-15 23:00:05,209 [INFO] RulesReader:64 - Compatibility file has been processed (297 Rules)
2024-03-15 23:00:05,284 [INFO] DbMcusXml:78 - Set database path to: /Applications/STM32CubeIDE.app/Contents/Eclipse/plugins/com.st.stm32cube.common.mx_6.10.0.202311202037//db//mcu/
2024-03-15 23:00:05,284 [INFO] ApiDb:274 - Set plugin database path to: /Applications/STM32CubeIDE.app/Contents/Eclipse/plugins/com.st.stm32cube.common.mx_6.10.0.202311202037//db//plugins/boardmanager/
2024-03-15 23:00:05,285 [INFO] ApiDb:261 - Set plugin images path to: /Applications/STM32CubeIDE.app/Contents/Eclipse/plugins/com.st.stm32cube.common.mx_6.10.0.202311202037//db//plugins/mcufinder/images/
2024-03-15 23:00:05,285 [WARN] DbFile:41 - Overriding database path with different value: /Users/Nick/.stmcufinder/plugins/mcufinder/ => /Users/Nick/.stmcufinder/plugins/mcufinder
2024-03-15 23:00:05,285 [INFO] ApiDb:250 - Set database path to: /Users/Nick/.stmcufinder/plugins/mcufinder//mcu/
2024-03-15 23:00:05,285 [WARN] DbFile:41 - Overriding database path with different value: /Users/Nick/.stmcufinder/plugins/mcufinder/ => /Users/Nick/.stmcufinder/plugins/mcufinder
2024-03-15 23:00:05,285 [INFO] DbMcusAds:125 - Set database path to: /Users/Nick/.stmcufinder/plugins/mcufinder//mcu/
2024-03-15 23:00:05,285 [WARN] DbFile:41 - Overriding database path with different value: /Users/Nick/.stmcufinder/plugins/mcufinder/ => /Users/Nick/.stmcufinder/plugins/mcufinder
2024-03-15 23:00:05,286 [WARN] DbFile:41 - Overriding database path with different value: /Users/Nick/.stmcufinder/plugins/mcufinder/ => /Users/Nick/.stmcufinder/plugins/mcufinder
2024-03-15 23:00:05,286 [INFO] CrossReferenceDbSqlite:203 - Set database path to: /Users/Nick/.stmcufinder/plugins/mcufinder//mcu/cs/
2024-03-15 23:00:05,378 [INFO] MainPanel:264 - HeapMemory: 268435456
2024-03-15 23:00:05,457 [INFO] DbMcusXml:78 - Set database path to: /Applications/STM32CubeIDE.app/Contents/Eclipse/plugins/com.st.stm32cube.common.mx_6.10.0.202311202037//db//mcu/
2024-03-15 23:00:05,458 [INFO] ApiDb:274 - Set plugin database path to: /Applications/STM32CubeIDE.app/Contents/Eclipse/plugins/com.st.stm32cube.common.mx_6.10.0.202311202037//db//plugins/boardmanager/
2024-03-15 23:00:05,458 [INFO] ApiDb:261 - Set plugin images path to: /Applications/STM32CubeIDE.app/Contents/Eclipse/plugins/com.st.stm32cube.common.mx_6.10.0.202311202037//db//plugins/mcufinder/images/
2024-03-15 23:00:05,458 [WARN] DbFile:41 - Overriding database path with different value: /Users/Nick/.stmcufinder/plugins/mcufinder/ => /Users/Nick/.stmcufinder/plugins/mcufinder
2024-03-15 23:00:05,459 [INFO] ApiDb:250 - Set database path to: /Users/Nick/.stmcufinder/plugins/mcufinder//mcu/
2024-03-15 23:00:05,459 [WARN] DbFile:41 - Overriding database path with different value: /Users/Nick/.stmcufinder/plugins/mcufinder/ => /Users/Nick/.stmcufinder/plugins/mcufinder
2024-03-15 23:00:05,459 [INFO] DbMcusAds:125 - Set database path to: /Users/Nick/.stmcufinder/plugins/mcufinder//mcu/
2024-03-15 23:00:05,459 [WARN] DbFile:41 - Overriding database path with different value: /Users/Nick/.stmcufinder/plugins/mcufinder/ => /Users/Nick/.stmcufinder/plugins/mcufinder
2024-03-15 23:00:05,459 [WARN] DbFile:41 - Overriding database path with different value: /Users/Nick/.stmcufinder/plugins/mcufinder/ => /Users/Nick/.stmcufinder/plugins/mcufinder
2024-03-15 23:00:05,459 [INFO] CrossReferenceDbSqlite:203 - Set database path to: /Users/Nick/.stmcufinder/plugins/mcufinder//mcu/cs/
2024-03-15 23:00:05,479 [INFO] ApplicationProperties:184 - Using Application install path: /Applications/STM32CubeIDE.app/Contents/Eclipse/plugins/com.st.stm32cube.common.mx_6.10.0.202311202037
2024-03-15 23:00:05,481 [INFO] PluginManage:196 - Search for loadable plugins [exclusion list=, ]
2024-03-15 23:00:05,482 [INFO] PluginManage:310 - Check plugin analytics
2024-03-15 23:00:05,715 [INFO] AnalyticsPlugin:253 - Accepted Software Licenses: 
2024-03-15 23:00:05,715 [INFO] AnalyticsPlugin:255 - Accepted CMSIS Pack Licenses: 
2024-03-15 23:00:05,715 [INFO] AnalyticsPlugin:257 - Accepted Firmware Licenses: FW.F4.1.28.0
2024-03-15 23:00:05,718 [INFO] PluginManage:359 - Loaded plugin analytics (category:tool,tabindex:-1)
2024-03-15 23:00:05,719 [INFO] PluginManage:310 - Check plugin cadmodel
2024-03-15 23:00:05,746 [ERROR] LogOutputStream:75 - [STDERR_REDIRECT] Mar 15, 2024 11:00:05 PM org.eclipse.lsp4j.jsonrpc.RemoteEndpoint fallbackResponseError
2024-03-15 23:00:05,747 [ERROR] LogOutputStream:75 - [STDERR_REDIRECT] SEVERE: Internal error: org.eclipse.core.runtime.AssertionFailedException: null argument:Dynamic capability registration failed! Server not yet initialized?
2024-03-15 23:00:05,748 [ERROR] LogOutputStream:75 - [STDERR_REDIRECT] java.util.concurrent.CompletionException: org.eclipse.core.runtime.AssertionFailedException: null argument:Dynamic capability registration failed! Server not yet initialized?
2024-03-15 23:00:05,748 [ERROR] LogOutputStream:75 - [STDERR_REDIRECT] 	at java.base/java.util.concurrent.CompletableFuture.encodeThrowable(CompletableFuture.java:315)
2024-03-15 23:00:05,748 [ERROR] LogOutputStream:75 - [STDERR_REDIRECT] 	at java.base/java.util.concurrent.CompletableFuture.completeThrowable(CompletableFuture.java:320)
2024-03-15 23:00:05,749 [ERROR] LogOutputStream:75 - [STDERR_REDIRECT] 	at java.base/java.util.concurrent.CompletableFuture$AsyncRun.run(CompletableFuture.java:1807)
2024-03-15 23:00:05,749 [ERROR] LogOutputStream:75 - [STDERR_REDIRECT] 	at java.base/java.util.concurrent.CompletableFuture$AsyncRun.exec(CompletableFuture.java:1796)
2024-03-15 23:00:05,749 [ERROR] LogOutputStream:75 - [STDERR_REDIRECT] 	at java.base/java.util.concurrent.ForkJoinTask.doExec(ForkJoinTask.java:373)
2024-03-15 23:00:05,750 [ERROR] LogOutputStream:75 - [STDERR_REDIRECT] 	at java.base/java.util.concurrent.ForkJoinPool$WorkQueue.topLevelExec(ForkJoinPool.java:1182)
2024-03-15 23:00:05,750 [ERROR] LogOutputStream:75 - [STDERR_REDIRECT] 	at java.base/java.util.concurrent.ForkJoinPool.scan(ForkJoinPool.java:1655)
2024-03-15 23:00:05,750 [ERROR] LogOutputStream:75 - [STDERR_REDIRECT] 	at java.base/java.util.concurrent.ForkJoinPool.runWorker(ForkJoinPool.java:1622)
2024-03-15 23:00:05,751 [ERROR] LogOutputStream:75 - [STDERR_REDIRECT] 	at java.base/java.util.concurrent.ForkJoinWorkerThread.run(ForkJoinWorkerThread.java:165)
2024-03-15 23:00:05,751 [ERROR] LogOutputStream:75 - [STDERR_REDIRECT] Caused by: org.eclipse.core.runtime.AssertionFailedException: null argument:Dynamic capability registration failed! Server not yet initialized?
2024-03-15 23:00:05,751 [ERROR] LogOutputStream:75 - [STDERR_REDIRECT] 	at org.eclipse.core.runtime.Assert.isNotNull(Assert.java:88)
2024-03-15 23:00:05,752 [ERROR] LogOutputStream:75 - [STDERR_REDIRECT] 	at org.eclipse.lsp4e.LanguageServerWrapper.lambda$19(LanguageServerWrapper.java:869)
2024-03-15 23:00:05,752 [ERROR] LogOutputStream:75 - [STDERR_REDIRECT] 	at java.base/java.util.ArrayList.forEach(ArrayList.java:1511)
2024-03-15 23:00:05,752 [ERROR] LogOutputStream:75 - [STDERR_REDIRECT] 	at org.eclipse.lsp4e.LanguageServerWrapper.registerCapability(LanguageServerWrapper.java:866)
2024-03-15 23:00:05,752 [ERROR] LogOutputStream:75 - [STDERR_REDIRECT] 	at org.eclipse.lsp4e.LanguageClientImpl.lambda$2(LanguageClientImpl.java:145)
2024-03-15 23:00:05,753 [ERROR] LogOutputStream:75 - [STDERR_REDIRECT] 	at java.base/java.util.concurrent.CompletableFuture$AsyncRun.run(CompletableFuture.java:1804)
2024-03-15 23:00:05,753 [ERROR] LogOutputStream:75 - [STDERR_REDIRECT] 	... 6 more
2024-03-15 23:00:05,753 [ERROR] LogOutputStream:75 - [STDERR_REDIRECT] 
2024-03-15 23:00:06,053 [INFO] CADModel:105 - Init CAD model plugin
2024-03-15 23:00:06,053 [INFO] PluginManage:359 - Loaded plugin cadmodel (category:power,tabindex:5)
2024-03-15 23:00:06,054 [INFO] PluginManage:310 - Check plugin clock
2024-03-15 23:00:06,063 [INFO] PluginManage:359 - Loaded plugin clock (category:base,tabindex:2)
2024-03-15 23:00:06,063 [INFO] PluginManage:310 - Check plugin ddr
2024-03-15 23:00:06,065 [INFO] PluginManage:359 - Loaded plugin ddr (category:tool,tabindex:6)
2024-03-15 23:00:06,065 [INFO] PluginManage:310 - Check plugin filemanager
2024-03-15 23:00:06,186 [INFO] PluginManage:359 - Loaded plugin filemanager (category:base,tabindex:10)
2024-03-15 23:00:06,187 [INFO] PluginManage:310 - Check plugin ipmanager
2024-03-15 23:00:06,193 [INFO] PluginManage:359 - Loaded plugin ipmanager (category:base,tabindex:5)
2024-03-15 23:00:06,194 [INFO] PluginManage:310 - Check plugin lpbam
2024-03-15 23:00:06,201 [INFO] PluginManage:359 - Loaded plugin lpbam (category:base,tabindex:0)
2024-03-15 23:00:06,202 [INFO] PluginManage:310 - Check plugin memorymap
2024-03-15 23:00:06,213 [INFO] PluginManage:359 - Loaded plugin memorymap (category:base,tabindex:4)
2024-03-15 23:00:06,213 [INFO] PluginManage:310 - Check plugin pinoutandconfiguration
2024-03-15 23:00:06,220 [INFO] PluginManage:359 - Loaded plugin pinoutandconfiguration (category:base,tabindex:1)
2024-03-15 23:00:06,220 [INFO] PluginManage:310 - Check plugin pinoutconfig
2024-03-15 23:00:06,312 [WARN] SupportedApi:132 - Cannot load RTOS API schema: s4s-elt-must-match.1: The content of 'definitions' must match (annotation?, (simpleType | complexType)?, (unique | key | keyref)*)). A problem was found starting at: attribute.
2024-03-15 23:00:06,453 [INFO] PluginManage:359 - Loaded plugin pinoutconfig (category:base,tabindex:0)
2024-03-15 23:00:06,454 [INFO] PluginManage:310 - Check plugin power
2024-03-15 23:00:06,463 [INFO] PluginManage:359 - Loaded plugin power (category:power,tabindex:4)
2024-03-15 23:00:06,463 [INFO] PluginManage:310 - Check plugin projectmanager
2024-03-15 23:00:06,485 [INFO] PluginManage:359 - Loaded plugin projectmanager (category:projectmanager,tabindex:3)
2024-03-15 23:00:06,485 [INFO] PluginManage:310 - Check plugin thirdparty
2024-03-15 23:00:06,629 [INFO] PluginManage:359 - Loaded plugin thirdparty (category:base,tabindex:-1)
2024-03-15 23:00:06,629 [WARN] IntegrityCheckThread:84 - waiting for thirdparty lock release [integrity check]
2024-03-15 23:00:06,629 [INFO] PluginManage:310 - Check plugin tools
2024-03-15 23:00:06,629 [INFO] IntegrityCheckThread:86 - entering critical section [integrity check]
2024-03-15 23:00:06,629 [INFO] ThirdPartyUpdaterWithRetryManager:70 - Updater plugin not ready yet. [1/15]
2024-03-15 23:00:06,631 [INFO] PluginManage:359 - Loaded plugin tools (category:base,tabindex:7)
2024-03-15 23:00:06,631 [INFO] PluginManage:310 - Check plugin tutovideos
2024-03-15 23:00:06,795 [INFO] PluginManage:359 - Loaded plugin tutovideos (category:base,tabindex:-1)
2024-03-15 23:00:06,795 [INFO] PluginManage:310 - Check plugin updater
2024-03-15 23:00:06,819 [INFO] PluginManage:359 - Loaded plugin updater (category:base,tabindex:12)
2024-03-15 23:00:06,819 [INFO] PluginManage:310 - Check plugin userauth
2024-03-15 23:00:06,823 [INFO] UserAuth:114 - Init User Auth plugin
2024-03-15 23:00:06,824 [INFO] PluginManage:359 - Loaded plugin userauth (category:base,tabindex:14)
2024-03-15 23:00:06,824 [INFO] PluginManage:283 - PluginManage : Loaded plugins [17]
2024-03-15 23:00:07,000 [INFO] PinOutPanel:1499 - setPackage(No Configuration,No Configuration)
2024-03-15 23:00:07,061 [INFO] CADModel:165 - CPN selected for project level
2024-03-15 23:00:07,061 [INFO] CADModel:114 - Register for checkConnection events
2024-03-15 23:00:07,072 [INFO] IPUIPlugin:80 - create IPUIPlugin
2024-03-15 23:00:07,072 [INFO] PluginManager:220 - loadIPPluginJar : add mdma
2024-03-15 23:00:07,077 [INFO] IPUIPlugin:80 - create IPUIPlugin
2024-03-15 23:00:07,078 [INFO] PluginManager:220 - loadIPPluginJar : add freertos
2024-03-15 23:00:07,081 [INFO] IPUIPlugin:80 - create IPUIPlugin
2024-03-15 23:00:07,081 [INFO] PluginManager:220 - loadIPPluginJar : add gic
2024-03-15 23:00:07,088 [INFO] IPUIPlugin:80 - create IPUIPlugin
2024-03-15 23:00:07,088 [INFO] PluginManager:220 - loadIPPluginJar : add adc
2024-03-15 23:00:07,090 [INFO] IPUIPlugin:80 - create IPUIPlugin
2024-03-15 23:00:07,090 [INFO] PluginManager:220 - loadIPPluginJar : add gtzc
2024-03-15 23:00:07,091 [INFO] IPUIPlugin:80 - create IPUIPlugin
2024-03-15 23:00:07,091 [INFO] PluginManager:220 - loadIPPluginJar : add quadspi
2024-03-15 23:00:07,092 [INFO] IPUIPlugin:80 - create IPUIPlugin
2024-03-15 23:00:07,093 [INFO] PluginManager:220 - loadIPPluginJar : add aes
2024-03-15 23:00:07,094 [INFO] IPUIPlugin:80 - create IPUIPlugin
2024-03-15 23:00:07,094 [INFO] PluginManager:220 - loadIPPluginJar : add pdm2pcm
2024-03-15 23:00:07,096 [INFO] IPUIPlugin:80 - create IPUIPlugin
2024-03-15 23:00:07,096 [INFO] PluginManager:220 - loadIPPluginJar : add hash
2024-03-15 23:00:07,097 [INFO] IPUIPlugin:80 - create IPUIPlugin
2024-03-15 23:00:07,097 [INFO] PluginManager:220 - loadIPPluginJar : add tim
2024-03-15 23:00:07,098 [INFO] IPUIPlugin:80 - create IPUIPlugin
2024-03-15 23:00:07,098 [INFO] PluginManager:220 - loadIPPluginJar : add tsc
2024-03-15 23:00:07,100 [INFO] IPUIPlugin:80 - create IPUIPlugin
2024-03-15 23:00:07,100 [INFO] PluginManager:220 - loadIPPluginJar : add ts
2024-03-15 23:00:07,102 [INFO] IPUIPlugin:80 - create IPUIPlugin
2024-03-15 23:00:07,102 [INFO] PluginManager:220 - loadIPPluginJar : add can
2024-03-15 23:00:07,104 [INFO] IPUIPlugin:80 - create IPUIPlugin
2024-03-15 23:00:07,104 [INFO] PluginManager:220 - loadIPPluginJar : add dma3
2024-03-15 23:00:07,106 [INFO] IPUIPlugin:80 - create IPUIPlugin
2024-03-15 23:00:07,106 [INFO] PluginManager:220 - loadIPPluginJar : add dfsdm
2024-03-15 23:00:07,108 [INFO] IPUIPlugin:80 - create IPUIPlugin
2024-03-15 23:00:07,108 [INFO] PluginManager:220 - loadIPPluginJar : add spi
2024-03-15 23:00:07,110 [INFO] IPUIPlugin:80 - create IPUIPlugin
2024-03-15 23:00:07,110 [INFO] PluginManager:220 - loadIPPluginJar : add gfxmmu
2024-03-15 23:00:07,111 [INFO] IPUIPlugin:80 - create IPUIPlugin
2024-03-15 23:00:07,111 [INFO] PluginManager:220 - loadIPPluginJar : add genericplugin
2024-03-15 23:00:07,112 [INFO] IPUIPlugin:80 - create IPUIPlugin
2024-03-15 23:00:07,112 [INFO] PluginManager:220 - loadIPPluginJar : add cryp
2024-03-15 23:00:07,115 [INFO] IPUIPlugin:80 - create IPUIPlugin
2024-03-15 23:00:07,115 [INFO] PluginManager:220 - loadIPPluginJar : add gpio
2024-03-15 23:00:07,116 [INFO] IPUIPlugin:80 - create IPUIPlugin
2024-03-15 23:00:07,116 [INFO] PluginManager:220 - loadIPPluginJar : add comp
2024-03-15 23:00:07,118 [INFO] IPUIPlugin:80 - create IPUIPlugin
2024-03-15 23:00:07,118 [INFO] PluginManager:220 - loadIPPluginJar : add tracer_emb
2024-03-15 23:00:07,120 [INFO] IPUIPlugin:80 - create IPUIPlugin
2024-03-15 23:00:07,120 [INFO] PluginManager:220 - loadIPPluginJar : add openamp
2024-03-15 23:00:07,124 [INFO] IPUIPlugin:80 - create IPUIPlugin
2024-03-15 23:00:07,124 [INFO] PluginManager:220 - loadIPPluginJar : add stm32_wpan
2024-03-15 23:00:07,129 [INFO] IPUIPlugin:80 - create IPUIPlugin
2024-03-15 23:00:07,131 [INFO] PluginManager:220 - loadIPPluginJar : add plateformsettings
2024-03-15 23:00:07,134 [INFO] IPUIPlugin:80 - create IPUIPlugin
2024-03-15 23:00:07,134 [INFO] PluginManager:220 - loadIPPluginJar : add ipddr
2024-03-15 23:00:07,136 [INFO] IPUIPlugin:80 - create IPUIPlugin
2024-03-15 23:00:07,136 [INFO] PluginManager:220 - loadIPPluginJar : add usart
2024-03-15 23:00:07,137 [INFO] IPUIPlugin:80 - create IPUIPlugin
2024-03-15 23:00:07,138 [INFO] PluginManager:220 - loadIPPluginJar : add ltdc
2024-03-15 23:00:07,140 [INFO] IPUIPlugin:80 - create IPUIPlugin
2024-03-15 23:00:07,140 [INFO] PluginManager:220 - loadIPPluginJar : add nvic
2024-03-15 23:00:07,142 [INFO] IPUIPlugin:80 - create IPUIPlugin
2024-03-15 23:00:07,142 [INFO] PluginManager:220 - loadIPPluginJar : add fatfs
2024-03-15 23:00:07,147 [INFO] IPUIPlugin:80 - create IPUIPlugin
2024-03-15 23:00:07,147 [INFO] PluginManager:220 - loadIPPluginJar : add linkedlist
2024-03-15 23:00:07,151 [INFO] IPUIPlugin:80 - create IPUIPlugin
2024-03-15 23:00:07,152 [INFO] PluginManager:220 - loadIPPluginJar : add dma
2024-03-15 23:00:07,155 [INFO] IPUIPlugin:80 - create IPUIPlugin
2024-03-15 23:00:07,155 [INFO] PluginManager:220 - loadIPPluginJar : add fmc
2024-03-15 23:00:07,157 [INFO] IPUIPlugin:80 - create IPUIPlugin
2024-03-15 23:00:07,157 [INFO] PluginManager:220 - loadIPPluginJar : add i2s
2024-03-15 23:00:07,158 [INFO] IPUIPlugin:80 - create IPUIPlugin
2024-03-15 23:00:07,158 [INFO] PluginManager:220 - loadIPPluginJar : add ucpd
2024-03-15 23:00:07,160 [INFO] IPUIPlugin:80 - create IPUIPlugin
2024-03-15 23:00:07,160 [INFO] PluginManager:220 - loadIPPluginJar : add lorawan
2024-03-15 23:00:07,162 [INFO] IPUIPlugin:80 - create IPUIPlugin
2024-03-15 23:00:07,162 [INFO] PluginManager:220 - loadIPPluginJar : add opamp
2024-03-15 23:00:07,165 [INFO] IPUIPlugin:80 - create IPUIPlugin
2024-03-15 23:00:07,165 [INFO] PluginManager:220 - loadIPPluginJar : add i3c
2024-03-15 23:00:07,167 [INFO] IPUIPlugin:80 - create IPUIPlugin
2024-03-15 23:00:07,167 [INFO] PluginManager:220 - loadIPPluginJar : add touchsensing
2024-03-15 23:00:07,169 [INFO] IPUIPlugin:80 - create IPUIPlugin
2024-03-15 23:00:07,169 [INFO] PluginManager:220 - loadIPPluginJar : add i2c
2024-03-15 23:00:07,171 [INFO] IPUIPlugin:80 - create IPUIPlugin
2024-03-15 23:00:07,171 [INFO] PluginManager:220 - loadIPPluginJar : add resmgrutility
2024-03-15 23:00:07,173 [INFO] IPUIPlugin:80 - create IPUIPlugin
2024-03-15 23:00:07,173 [INFO] PluginManager:220 - loadIPPluginJar : add sai
2024-03-15 23:00:07,175 [INFO] IPUIPlugin:80 - create IPUIPlugin
2024-03-15 23:00:07,176 [INFO] PluginManager:220 - loadIPPluginJar : add usbx
2024-03-15 23:00:07,277 [INFO] CADModel:165 - CPN selected for project level
2024-03-15 23:00:07,277 [INFO] CADModel:114 - Register for checkConnection events
2024-03-15 23:00:07,277 [FATAL] Updater:308 - Updater called before beeing initialized
2024-03-15 23:00:07,278 [ERROR] CADModel:125 - Updater not yet initialized, retry later 
2024-03-15 23:00:08,298 [INFO] CADModel:165 - CPN selected for project level
2024-03-15 23:00:08,298 [INFO] CADModel:114 - Register for checkConnection events
2024-03-15 23:00:08,298 [FATAL] Updater:308 - Updater called before beeing initialized
2024-03-15 23:00:08,298 [ERROR] CADModel:125 - Updater not yet initialized, retry later 
2024-03-15 23:00:08,301 [FATAL] Updater:308 - Updater called before beeing initialized
2024-03-15 23:00:08,392 [FATAL] Updater:308 - Updater called before beeing initialized
2024-03-15 23:00:08,398 [INFO] DbMcusAds:53 - JSON generation date=Wed Nov 29 05:52:27 EST 2023 (1701255147349)
2024-03-15 23:00:08,399 [FATAL] Updater:308 - Updater called before beeing initialized
2024-03-15 23:00:08,448 [WARN] DetailPanel:346 - Failed to get advertising image, set to default
2024-03-15 23:00:08,553 [FATAL] Updater:308 - Updater called before beeing initialized
2024-03-15 23:00:08,555 [FATAL] Updater:308 - Updater called before beeing initialized
2024-03-15 23:00:08,555 [FATAL] Updater:308 - Updater called before beeing initialized
2024-03-15 23:00:08,555 [WARN] DetailPanel:346 - Failed to get advertising image, set to default
2024-03-15 23:00:08,556 [FATAL] Updater:308 - Updater called before beeing initialized
2024-03-15 23:00:08,590 [ERROR] Updater:1120 - MainUpdater not yet initialized. External WinMGr cannot be set.
2024-03-15 23:00:08,609 [INFO] Updater:1056 - Updater Version found : 6.10.0
2024-03-15 23:00:08,624 [INFO] ApplicationProperties:184 - Using Application install path: /Applications/STM32CubeIDE.app/Contents/Eclipse/plugins/com.st.stm32cube.common.mx_6.10.0.202311202037
2024-03-15 23:00:09,222 [INFO] MainUpdater:2873 - connection check result : 10
2024-03-15 23:00:09,222 [INFO] MainUpdater:3567 - Updater definition file requires update
2024-03-15 23:00:09,223 [INFO] MainUpdater:290 - Updater Check For Update Now.
2024-03-15 23:00:09,223 [INFO] MicroXplorer:498 - Change Database Version : DB.6.0.100
2024-03-15 23:00:09,228 [INFO] McuFinderGlobals:63 - Set McuFinder mode to 2 (CubeIDE integrated)
2024-03-15 23:00:09,376 [INFO] ServerAccessManage:473 - Download File updaters.zip
2024-03-15 23:00:09,477 [INFO] FileExtend:240 - Unzip File : updaters.zip
2024-03-15 23:00:09,477 [INFO] FileExtend:255 - Standard Zip Deflate
2024-03-15 23:00:09,595 [INFO] UserAuth:404 - Internet connection configuration mode: 1
2024-03-15 23:00:09,615 [INFO] JxBrowserEngine:152 - Initiate JxBrowser Engine with user profile folder
2024-03-15 23:00:09,633 [WARN] MainUpdater:1194 - Updater busy. Cannot search thirdparties
2024-03-15 23:00:09,633 [INFO] ThirdPartyUpdaterWithRetryManager:96 - Updater plugin is busy. [1/15]
2024-03-15 23:00:09,856 [INFO] ServerAccessManage:473 - Download File PacksControlFlags.xml
2024-03-15 23:00:09,981 [ERROR] LogOutputStream:75 - [STDERR_REDIRECT] [Fatal Error] :2:10: DOCTYPE is disallowed when the feature "http://apache.org/xml/features/disallow-doctype-decl" set to true.
2024-03-15 23:00:09,982 [ERROR] LogOutputStream:75 - [STDERR_REDIRECT] 
2024-03-15 23:00:10,013 [INFO] ServerAccessManage:473 - Download File cubemx.pidx
2024-03-15 23:00:10,152 [INFO] LoadServerUpdatesThread:375 - End of LoadServerUpdate Thread
2024-03-15 23:00:10,396 [INFO] CheckServerUpdateThread:120 - End of CheckServer Thread
2024-03-15 23:00:10,595 [INFO] WebApp:161 - Instantiating new browser for Auth
2024-03-15 23:00:11,163 [INFO] WebApp:780 - Register for checkConnection events
2024-03-15 23:00:11,164 [INFO] WebApp:414 - Apply proxy settings
2024-03-15 23:00:11,168 [INFO] WebApp:459 - Chromium authenticates against Manually configured proxy
2024-03-15 23:00:11,173 [INFO] WebApp:467 - Username used for proxy authentication: 
2024-03-15 23:00:11,349 [INFO] WebApp:192 - Starting web application
2024-03-15 23:00:11,349 [INFO] WebApp:544 - Web application path used /Applications/STM32CubeIDE.app/Contents/Eclipse/plugins/com.st.stm32cube.common.mx_6.10.0.202311202037/db/plugins/mcufinder/reactClient1/index.html
2024-03-15 23:00:12,771 [WARN] PackLoader:240 - Cannot read IP mode file for STMicroelectronics.X-CUBE-SMBUS.2.1.0
2024-03-15 23:00:12,779 [WARN] PackLoader:240 - Cannot read IP mode file for STMicroelectronics.X-CUBE-TOUCHGFX.4.23.0
2024-03-15 23:00:12,814 [WARN] PackLoader:240 - Cannot read IP mode file for STMicroelectronics.X-CUBE-AZRTOS-F7.1.1.0
2024-03-15 23:00:12,825 [WARN] PackLoader:240 - Cannot read IP mode file for STMicroelectronics.FP-SNS-MOTENV1.4.3.2
2024-03-15 23:00:12,835 [WARN] PackLoader:240 - Cannot read IP mode file for STMicroelectronics.FP-SNS-FLIGHT1.5.0.2
2024-03-15 23:00:12,844 [WARN] PackLoader:240 - Cannot read IP mode file for STMicroelectronics.X-CUBE-DISPLAY.3.0.0
2024-03-15 23:00:12,859 [WARN] PackLoader:240 - Cannot read IP mode file for STMicroelectronics.X-CUBE-BLE1.7.0.0
2024-03-15 23:00:12,864 [WARN] PackLoader:240 - Cannot read IP mode file for emotas.I-CUBE-CANOPEN.1.3.0
2024-03-15 23:00:12,878 [WARN] PackLoader:240 - Cannot read IP mode file for STMicroelectronics.X-CUBE-BLEMGR.3.1.0
2024-03-15 23:00:12,887 [WARN] PackLoader:240 - Cannot read IP mode file for STMicroelectronics.FP-SNS-SMARTAG2.1.2.0
2024-03-15 23:00:12,900 [INFO] LogOutputStream:77 - [STDOUT_REDIRECT] 1 : Invalid condition id : UX_CORESTACK_Condition cause : null
2024-03-15 23:00:12,901 [INFO] LogOutputStream:77 - [STDOUT_REDIRECT] 1 : Invalid condition id : UX_CORESTACK_Condition cause : null
2024-03-15 23:00:12,901 [INFO] LogOutputStream:77 - [STDOUT_REDIRECT] 1 : Invalid condition id : UX_CORESTACK_Condition cause : null
2024-03-15 23:00:12,901 [INFO] LogOutputStream:77 - [STDOUT_REDIRECT] 1 : Invalid condition id : UX_CORESTACK_Condition cause : null
2024-03-15 23:00:12,901 [INFO] LogOutputStream:77 - [STDOUT_REDIRECT] 1 : Invalid condition id : UX_CORESTACK_Condition cause : null
2024-03-15 23:00:12,907 [WARN] PackLoader:240 - Cannot read IP mode file for STMicroelectronics.X-CUBE-AZRTOS-WL.2.0.0
2024-03-15 23:00:12,918 [WARN] PackLoader:240 - Cannot read IP mode file for WES.I-CUBE-Cesium.1.3.0
2024-03-15 23:00:12,924 [WARN] PackLoader:240 - Cannot read IP mode file for STMicroelectronics.X-CUBE-BLE2.3.3.0
2024-03-15 23:00:12,933 [WARN] PackLoader:240 - Cannot read IP mode file for STMicroelectronics.X-CUBE-ALGOBUILD.1.3.0
2024-03-15 23:00:12,956 [WARN] PackLoader:240 - Cannot read IP mode file for STMicroelectronics.X-CUBE-AZRTOS-G0.1.1.0
2024-03-15 23:00:12,966 [WARN] PackLoader:240 - Cannot read IP mode file for STMicroelectronics.X-CUBE-NFC4.3.0.0
2024-03-15 23:00:12,972 [WARN] PackLoader:240 - Cannot read IP mode file for STMicroelectronics.FP-ATR-SIGFOX1.3.2.0
2024-03-15 23:00:12,979 [WARN] PackLoader:240 - Cannot read IP mode file for STMicroelectronics.X-CUBE-EEPRMA1.5.1.0
2024-03-15 23:00:13,034 [WARN] PackLoader:240 - Cannot read IP mode file for SEGGER.I-CUBE-embOS.1.3.1
2024-03-15 23:00:13,117 [WARN] PackLoader:240 - Cannot read IP mode file for STMicroelectronics.X-CUBE-GNSS1.6.0.0
2024-03-15 23:00:13,142 [WARN] PackLoader:240 - Cannot read IP mode file for STMicroelectronics.X-CUBE-AZRTOS-F4.1.1.0
2024-03-15 23:00:13,150 [WARN] PackLoader:240 - Cannot read IP mode file for wolfSSL.I-CUBE-wolfSSL.5.6.6
2024-03-15 23:00:13,172 [WARN] PackLoader:240 - Cannot read IP mode file for STMicroelectronics.X-CUBE-AZRTOS-L5.2.0.0
2024-03-15 23:00:13,182 [WARN] PackLoader:240 - Cannot read IP mode file for ITTIA_DB.I-CUBE-ITTIADB.8.8.0
2024-03-15 23:00:13,186 [WARN] PackLoader:240 - Cannot read IP mode file for STMicroelectronics.X-CUBE-NFC7.1.0.1
2024-03-15 23:00:13,194 [WARN] PackLoader:240 - Cannot read IP mode file for STMicroelectronics.X-CUBE-NFC6.3.0.0
2024-03-15 23:00:13,200 [WARN] PackLoader:240 - Cannot read IP mode file for STMicroelectronics.X-CUBE-AI.8.1.0
2024-03-15 23:00:13,220 [WARN] ConditionMgr:438 - getConditionDescription Invalid condition id : LAN8742 Phy interface Condition cause : null
2024-03-15 23:00:13,221 [WARN] PackLoader:240 - Cannot read IP mode file for STMicroelectronics.X-CUBE-AZRTOS-L4.2.0.0
2024-03-15 23:00:13,223 [WARN] ConditionMgr:1039 - genDependencies : Invalid condition id : LAN8742 Phy interface Condition cause : null
2024-03-15 23:00:13,223 [WARN] ConditionMgr:1039 - genDependencies : Invalid condition id : LAN8742 Phy interface Condition cause : null
2024-03-15 23:00:13,224 [WARN] ConditionMgr:1039 - genDependencies : Invalid condition id : LAN8742 Phy interface Condition cause : null
2024-03-15 23:00:13,232 [WARN] PackLoader:240 - Cannot read IP mode file for STMicroelectronics.X-CUBE-SFXS2LP1.4.0.0
2024-03-15 23:00:13,247 [WARN] ConditionMgr:438 - getConditionDescription Invalid condition id : UX DEVICE CLASS RTOS Condition cause : null
2024-03-15 23:00:13,247 [WARN] ConditionMgr:438 - getConditionDescription Invalid condition id : UX DEVICE CLASS RTOS Condition cause : null
2024-03-15 23:00:13,250 [WARN] PackLoader:240 - Cannot read IP mode file for STMicroelectronics.X-CUBE-AZRTOS-WB.2.0.0
2024-03-15 23:00:13,250 [WARN] ConditionMgr:1039 - genDependencies : Invalid condition id : UX DEVICE CLASS RTOS Condition cause : null
2024-03-15 23:00:13,250 [WARN] ConditionMgr:1039 - genDependencies : Invalid condition id : UX DEVICE CLASS RTOS Condition cause : null
2024-03-15 23:00:13,251 [WARN] ConditionMgr:1039 - genDependencies : Invalid condition id : UX DEVICE CLASS RTOS Condition cause : null
2024-03-15 23:00:13,251 [WARN] ConditionMgr:1039 - genDependencies : Invalid condition id : UX DEVICE CLASS RTOS Condition cause : null
2024-03-15 23:00:13,251 [WARN] ConditionMgr:1039 - genDependencies : Invalid condition id : UX DEVICE CLASS RTOS Condition cause : null
2024-03-15 23:00:13,263 [WARN] PackLoader:240 - Cannot read IP mode file for STMicroelectronics.X-CUBE-SUBG2.5.0.0
2024-03-15 23:00:13,296 [WARN] PackLoader:240 - Cannot read IP mode file for STMicroelectronics.X-CUBE-AZRTOS-G4.2.0.0
2024-03-15 23:00:13,308 [WARN] PackLoader:240 - Cannot read IP mode file for Infineon.AIROC-Wi-Fi-Bluetooth-STM32.1.5.1
2024-03-15 23:00:13,315 [WARN] PackLoader:240 - Cannot read IP mode file for STMicroelectronics.FP-SNS-MOTENVWB1.1.3.1
2024-03-15 23:00:13,318 [WARN] PackLoader:240 - Cannot read IP mode file for STMicroelectronics.X-CUBE-ISPU.2.0.0
2024-03-15 23:00:13,370 [WARN] PackLoader:240 - Cannot read IP mode file for STMicroelectronics.X-CUBE-MEMS1.10.0.0
2024-03-15 23:00:13,560 [WARN] PackLoader:240 - Cannot read IP mode file for STMicroelectronics.X-CUBE-FREERTOS.1.1.0
2024-03-15 23:00:13,566 [WARN] PackLoader:240 - Cannot read IP mode file for portGmbH.I-Cube-SoM-uGOAL.1.1.0
2024-03-15 23:00:13,570 [WARN] PackLoader:240 - Cannot read IP mode file for STMicroelectronics.X-CUBE-ALS.1.0.1
2024-03-15 23:00:13,574 [WARN] PackLoader:240 - Cannot read IP mode file for STMicroelectronics.FP-ATR-ASTRA1.2.0.0
2024-03-15 23:00:13,586 [WARN] PackLoader:240 - Cannot read IP mode file for STMicroelectronics.X-CUBE-TOF1.3.4.1
2024-03-15 23:00:13,617 [WARN] PackLoader:240 - Cannot read IP mode file for STMicroelectronics.X-CUBE-AZRTOS-H7.3.2.0
2024-03-15 23:00:13,621 [INFO] ThirdParty:978 - Integrity check success = true
2024-03-15 23:00:13,621 [INFO] IntegrityCheckThread:100 - exiting critical section [integrity check]
2024-03-15 23:00:13,621 [INFO] IntegrityCheckThread:103 - End integrity checks thread
2024-03-15 23:00:32,103 [ERROR] LogOutputStream:75 - [STDERR_REDIRECT] SLF4J: Failed to load class "org.slf4j.impl.StaticLoggerBinder".
2024-03-15 23:00:32,104 [ERROR] LogOutputStream:75 - [STDERR_REDIRECT] SLF4J: Defaulting to no-operation (NOP) logger implementation
2024-03-15 23:00:32,104 [ERROR] LogOutputStream:75 - [STDERR_REDIRECT] SLF4J: See http://www.slf4j.org/codes.html#StaticLoggerBinder for further details.
2024-03-15 23:12:53,441 [INFO] LogOutputStream:77 - [STDOUT_REDIRECT] Doc changed: file:///Users/Nick/Projects/STM32CubeIDE/workspace_1.14.0/rocket_code/Drivers/STM32F4xx_HAL_Driver/Src/stm32f4xx_hal_spi.c null
2024-03-15 23:12:56,917 [INFO] McuFinderGlobals:63 - Set McuFinder mode to 2 (CubeIDE integrated)
2024-03-15 23:12:56,924 [INFO] MainUpdater:2873 - connection check result : 10
2024-03-15 23:12:56,924 [INFO] MainUpdater:2873 - connection check result : 10
2024-03-15 23:12:57,694 [INFO] MicroXplorer:468 - Change Database Path : 
2024-03-15 23:12:57,694 [INFO] MicroXplorer:498 - Change Database Version : DB.6.0.100
2024-03-15 23:12:57,698 [WARN] ThirdParty:871 - waiting for thirdparty lock release [close project]
2024-03-15 23:12:57,698 [INFO] ThirdParty:873 - entering critical section [close project]
2024-03-15 23:12:57,699 [INFO] ThirdParty:883 - exiting critical section [close project]
2024-03-15 23:12:57,701 [INFO] PinOutPanel:1499 - setPackage(No Configuration,No Configuration)
2024-03-15 23:12:57,705 [INFO] UtilMem:75 - Begin LoadConfig() Used Memory: 792570616 Bytes (1073741824)
2024-03-15 23:12:57,705 [INFO] MicroXplorer:468 - Change Database Path : 
2024-03-15 23:12:57,706 [INFO] MicroXplorer:498 - Change Database Version : DB.6.0.100
2024-03-15 23:12:57,706 [INFO] OpenFileManager:312 - Change cursor
2024-03-15 23:12:57,739 [INFO] Mcu:2016 - Initializing MCU STM32F407V(E-G)Tx STM32F407VETx STM32F407VET6
2024-03-15 23:12:59,349 [INFO] Context:659 - Trying to add GPIOservice into a context  which must be forbidden
2024-03-15 23:13:00,044 [INFO] RtosManager:555 - Registered RTOS mode: class=CMSIS, group=RTOS, mode=CMSIS_V1, owner=FREERTOS
2024-03-15 23:13:00,044 [INFO] RtosManager:555 - Registered RTOS mode: class=CMSIS, group=RTOS2, mode=CMSIS_V2, owner=FREERTOS
2024-03-15 23:13:00,044 [INFO] RtosManager:555 - Registered RTOS mode: class=RTOS, group=Core, mode=CMSIS_V1, owner=FREERTOS
2024-03-15 23:13:00,044 [INFO] RtosManager:555 - Registered RTOS mode: class=RTOS, group=Core, mode=CMSIS_V2, owner=FREERTOS
2024-03-15 23:13:00,044 [WARN] ModelIntegratedComponent:184 - Missing modes for component STMicroelectronics:FreeRTOS:0.0.1:STMicroelectronics:RTOS:FreeRTOS:Core:::10.2.0:
2024-03-15 23:13:00,063 [WARN] ModelIntegratedComponent:63 - No mode defined for component null
2024-03-15 23:13:00,063 [WARN] ModelIntegratedComponent:63 - No mode defined for component null
2024-03-15 23:13:00,063 [WARN] ModelIntegratedComponent:63 - No mode defined for component null
2024-03-15 23:13:00,063 [WARN] ModelIntegratedComponent:63 - No mode defined for component null
2024-03-15 23:13:00,063 [WARN] ModelIntegratedComponent:63 - No mode defined for component null
2024-03-15 23:13:00,063 [WARN] ModelIntegratedComponent:63 - No mode defined for component null
2024-03-15 23:13:00,063 [WARN] ModelIntegratedComponent:63 - No mode defined for component null
2024-03-15 23:13:00,064 [WARN] ModelIntegratedComponent:63 - No mode defined for component null
2024-03-15 23:13:00,064 [WARN] ModelIntegratedComponent:63 - No mode defined for component null
2024-03-15 23:13:00,064 [WARN] ModelIntegratedComponent:63 - No mode defined for component null
2024-03-15 23:13:00,064 [WARN] ModelIntegratedComponent:63 - No mode defined for component null
2024-03-15 23:13:00,064 [WARN] ModelIntegratedComponent:63 - No mode defined for component null
2024-03-15 23:13:00,064 [WARN] ModelIntegratedComponent:63 - No mode defined for component null
2024-03-15 23:13:00,064 [WARN] ModelIntegratedComponent:63 - No mode defined for component null
2024-03-15 23:13:00,064 [WARN] ModelIntegratedComponent:63 - No mode defined for component null
2024-03-15 23:13:00,064 [WARN] ModelIntegratedComponent:63 - No mode defined for component null
2024-03-15 23:13:00,064 [WARN] ModelIntegratedComponent:63 - No mode defined for component null
2024-03-15 23:13:00,064 [WARN] ModelIntegratedComponent:63 - No mode defined for component null
2024-03-15 23:13:00,064 [WARN] ModelIntegratedComponent:63 - No mode defined for component null
2024-03-15 23:13:00,064 [WARN] ModelIntegratedComponent:63 - No mode defined for component null
2024-03-15 23:13:00,065 [WARN] ModelIntegratedComponent:63 - No mode defined for component null
2024-03-15 23:13:00,065 [WARN] ModelIntegratedComponent:63 - No mode defined for component null
2024-03-15 23:13:00,065 [WARN] ModelIntegratedComponent:63 - No mode defined for component null
2024-03-15 23:13:00,065 [WARN] ModelIntegratedComponent:63 - No mode defined for component null
2024-03-15 23:13:00,065 [WARN] ModelIntegratedComponent:63 - No mode defined for component null
2024-03-15 23:13:00,065 [WARN] ModelIntegratedComponent:63 - No mode defined for component null
2024-03-15 23:13:00,065 [WARN] ModelIntegratedComponent:63 - No mode defined for component null
2024-03-15 23:13:00,065 [WARN] ModelIntegratedComponent:63 - No mode defined for component null
2024-03-15 23:13:00,065 [WARN] ModelIntegratedComponent:63 - No mode defined for component null
2024-03-15 23:13:00,065 [WARN] ModelIntegratedComponent:63 - No mode defined for component null
2024-03-15 23:13:00,065 [WARN] ModelIntegratedComponent:63 - No mode defined for component null
2024-03-15 23:13:00,065 [WARN] ModelIntegratedComponent:63 - No mode defined for component null
2024-03-15 23:13:00,065 [WARN] ModelIntegratedComponent:63 - No mode defined for component null
2024-03-15 23:13:00,173 [INFO] ThirdPartyModel:298 - Start build external matchings
2024-03-15 23:13:00,444 [INFO] ThirdPartyModel:316 - End build external matchings
2024-03-15 23:13:00,458 [INFO] ImportTextPane:194 - (OptionalMessage_ERROR) IP (RCC) : Parameter (48MHZClocksFreq_Value) has invalid value (84000000)
2024-03-15 23:13:00,458 [INFO] ImportTextPane:194 - (OptionalMessage_ERROR) IP (RCC) : Parameter (RTCHSEDivFreq_Value) has invalid value (4000000)
2024-03-15 23:13:00,755 [INFO] UtilMem:75 - End LoadConfig() Used Memory: 826190664 Bytes (1073741824)
2024-03-15 23:13:02,371 [INFO] ApiDb:581 - Connected to CubeFinder SQLite database (/Users/Nick/.stmcufinder/plugins/mcufinder/mcu/cube-finder-db.db)
2024-03-15 23:13:02,440 [INFO] ApiDb:668 - CubeFinder database Data Model version=2.1
2024-03-15 23:13:02,440 [INFO] ApiDb:669 - CubeFinder database Configuration version=3.0.39
2024-03-15 23:13:02,441 [INFO] ApiDb:670 - CubeFinder database generation date=2024-02-19 (1708350410)
2024-03-15 23:13:02,441 [INFO] ApiDb:671 - CubeFinder database FW Pack versions=[FP-ATR-ASTRA1_V2.0.0, FP-SNS-FLIGHT1_V5.0.1, FP-SNS-FLIGHT1_V5.0.2, FP-SNS-MOTENV1_V4.3.1, FP-SNS-MOTENV1_V4.3.2, FP-SNS-MOTENVWB1_V1.3.1, FP-SNS-SMARTAG2_V1.2.0, STM32Cube_FW_C0_V1.1.0, STM32Cube_FW_F4_V1.28.0, STM32Cube_FW_F7_V1.17.0, STM32Cube_FW_G0_V1.6.2, STM32Cube_FW_G4_V1.5.2, STM32Cube_FW_H5_V0.5.1, STM32Cube_FW_H5_V1.1.1, STM32Cube_FW_H5_V1.2.0RC2, STM32Cube_FW_H7_V1.11.0, STM32Cube_FW_L0_V1.12.2, STM32Cube_FW_L5_V1.5.0, STM32Cube_FW_U5_V1.3.0RC4, STM32Cube_FW_U5_V1.4.0, STM32Cube_FW_WBA_V1.0.0RC1, STM32Cube_FW_WBA_V1.1.0RC1, STM32Cube_FW_WBA_V1.2.0, STM32Cube_FW_WBA_V1.2.0RC2, STM32Cube_FW_WB_V1.15.0RC1, STM32Cube_FW_WB_V1.16.0, STM32Cube_FW_WB_V1.16.0RC2, STM32Cube_FW_WB_V1.18.0, STM32Cube_FW_WL_V1.3.0, X-CUBE-ALGOBUILD_V1.3.0, X-CUBE-ALS_V1.0.1, X-CUBE-AZRTOS-F4_V1.1.0, X-CUBE-AZRTOS-F7_V1.1.0, X-CUBE-AZRTOS-G0_V1.1.0, X-CUBE-AZRTOS-G4_V2.0.0, X-CUBE-AZRTOS-H7_V3.2.0, X-CUBE-AZRTOS-L4_V1.0.0, X-CUBE-AZRTOS-L4_V2.0.0, X-CUBE-AZRTOS-L5_V1.1.0, X-CUBE-AZRTOS-WB_V2.0.0, X-CUBE-AZRTOS-WL_V2.0.0, X-CUBE-BLE1_V7.0.0, X-CUBE-BLE2_V3.3.0, X-CUBE-BLEMGR_V3.0.0, X-CUBE-EEPRMA1_V4.1.0, X-CUBE-EEPRMA1_V5.1.0, X-CUBE-FREERTOS_V1.1.0, X-CUBE-GNSS1_V6.0.0, X-CUBE-MEMS1_V10.0.0, X-CUBE-MEMS1_V9.1.0, X-CUBE-MEMS1_V9.4.0, X-CUBE-MEMS1_V9.6.0, X-CUBE-NFC4_V3.0.0, X-CUBE-NFC7_V1.0.1, X-CUBE-SFXS2LP1_V4.0.0, X-CUBE-SUBG2_V5.0.0, X-CUBE-TOF1_V3.4.0]
2024-03-15 23:13:05,376 [INFO] ApiDb:240 - Found 371 in-development CPN: [B-G473E-ZEST1S, B-WB1M-WPAN1, B-WL5M-SUBG1, NUCLEO-C031C6, NUCLEO-H503RB, NUCLEO-H563ZI, NUCLEO-U545RE-Q, NUCLEO-U5A5ZJ-Q, NUCLEO-WBA52CG, NUCLEO-WBA55CG, STEVAL-MKBOXPRO, STEVAL-PROTEUS1, STEVAL-STWINBX1, STM320518-EVAL, STM32C0116-DK, STM32C011D6Y3TR, STM32C011D6Y6TR, STM32C011F4P3, STM32C011F4P6, STM32C011F4U3, STM32C011F4U6TR, STM32C011F6P3, STM32C011F6P6, STM32C011F6U3, STM32C011F6U6TR, STM32C011J4M3, STM32C011J4M6, STM32C011J6M3, STM32C011J6M6, STM32C0316-DK, STM32C031C4T3, STM32C031C4T6, STM32C031C4U3, STM32C031C4U6, STM32C031C6T3, STM32C031C6T6, STM32C031C6U3, STM32C031C6U6, STM32C031F4P3, STM32C031F4P6, STM32C031F6P3, STM32C031F6P6, STM32C031G4U3, STM32C031G4U6, STM32C031G6U3, STM32C031G6U6, STM32C031K4T3, STM32C031K4T6, STM32C031K4U3, STM32C031K4U6, STM32C031K6T3, STM32C031K6T6, STM32C031K6U3, STM32C031K6U6, STM32G071K8TXN, STM32G071K8UXN, STM32G081GBU6N, STM32G081KBT6N, STM32G081KBUXN, STM32G0B1CCT6N, STM32G0B1KCT6, STM32G0B1NEY6TR, STM32G0B1RCT6N, STM32G0C1CCT6, STM32G0C1CCT6N, STM32G0C1CCU6N, STM32G0C1CET6N, STM32G0C1CEU6N, STM32G0C1KCT6, STM32G0C1NEY6TR, STM32G0C1RCI6N, STM32G0C1RCT6N, STM32G0C1REI6N, STM32G0C1RET6N, STM32G0C1VCI6, STM32G0C1VEI6, STM32G471CCT6, STM32G471CCU6, STM32G471CET3, STM32G471CET6, STM32G471CEU3, STM32G471CEU6, STM32G471MCT6, STM32G471MET3, STM32G471MET6, STM32G471MEY6TR, STM32G471QCT6, STM32G471QET3, STM32G471RCT6, STM32G471RET3, STM32G471RET6, STM32G471VCH6, STM32G471VCI6, STM32G471VCT6, STM32G471VEH3, STM32G471VEH6, STM32G471VEI3, STM32G471VEI6, STM32G471VET3, STM32G471VET6, STM32G474CCT6, STM32H503CBT6, STM32H503CBU6, STM32H503EBY6TR, STM32H503KBU6, STM32H503RBT6, STM32H562AGI6, STM32H562AII6, STM32H562IGK6, STM32H562IGT6, STM32H562IIK6, STM32H562IIT6, STM32H562RGT6, STM32H562RGV6, STM32H562RIT6, STM32H562RIV6, STM32H562VGT6, STM32H562VIT6, STM32H562ZGT6, STM32H562ZIT6, STM32H563AGI6, STM32H563AII3Q, STM32H563AII6, STM32H563IGK6, STM32H563IGT6, STM32H563IIK3Q, STM32H563IIK6, STM32H563IIT3Q, STM32H563IIT6, STM32H563MIY3QTR, STM32H563RGT6, STM32H563RGV6, STM32H563RIT6, STM32H563RIV6, STM32H563VGT6, STM32H563VIT3Q, STM32H563VIT6, STM32H563ZGT6, STM32H563ZIT3Q, STM32H563ZIT6, STM32H573AII3Q, STM32H573AII6, STM32H573I-DK, STM32H573IIK3Q, STM32H573IIK6, STM32H573IIT3Q, STM32H573IIT6, STM32H573MIY3QTR, STM32H573RIT6, STM32H573RIV6, STM32H573VIT3Q, STM32H573VIT6, STM32H573ZIT3Q, STM32H573ZIT6, STM32L4R5QGI6STR, STM32MP131AAE3, STM32MP131AAF3, STM32MP131AAG3, STM32MP131CAE3, STM32MP131CAF3, STM32MP131CAG3, STM32MP131DAE7, STM32MP131DAF7, STM32MP131DAG7, STM32MP131FAE7, STM32MP131FAF7, STM32MP131FAG7, STM32MP133AAE3, STM32MP133AAF3, STM32MP133AAG3, STM32MP133CAE3, STM32MP133CAF3, STM32MP133CAG3, STM32MP133DAE7, STM32MP133DAF7, STM32MP133DAG7, STM32MP133FAE7, STM32MP133FAF7, STM32MP133FAG7, STM32MP135AAE3, STM32MP135AAF3, STM32MP135AAG3, STM32MP135CAE3, STM32MP135CAF3, STM32MP135CAG3, STM32MP135DAE7, STM32MP135DAF7, STM32MP135DAG7, STM32MP135F-DK, STM32MP135FAE7, STM32MP135FAF7, STM32MP135FAF7T, STM32MP135FAF7U, STM32MP135FAG7, STM32U535CBT6, STM32U535CBT6Q, STM32U535CBU6, STM32U535CBU6Q, STM32U535CCT6, STM32U535CCT6Q, STM32U535CCU6, STM32U535CCU6Q, STM32U535CET6, STM32U535CET6Q, STM32U535CEU6, STM32U535CEU6Q, STM32U535JEY6QTR, STM32U535NCY6QTR, STM32U535NEY6QTR, STM32U535RBI6, STM32U535RBI6Q, STM32U535RBT6, STM32U535RBT6Q, STM32U535RCI6, STM32U535RCI6Q, STM32U535RCT6, STM32U535RCT6Q, STM32U535REI6, STM32U535REI6Q, STM32U535RET6, STM32U535RET6Q, STM32U535VCI6, STM32U535VCI6Q, STM32U535VCT6, STM32U535VCT6Q, STM32U535VEI6, STM32U535VEI6Q, STM32U535VET6, STM32U535VET6Q, STM32U545CET6, STM32U545CET6Q, STM32U545CEU6, STM32U545CEU6Q, STM32U545JEY6QTR, STM32U545NEY6QTR, STM32U545REI6, STM32U545REI6Q, STM32U545RET6, STM32U545RET6Q, STM32U545VEI6, STM32U545VEI6Q, STM32U545VET6, STM32U545VET6Q, STM32U595AIH6, STM32U595AIH6Q, STM32U595AJH6, STM32U595AJH6Q, STM32U595QII6, STM32U595QII6Q, STM32U595QJI6, STM32U595QJI6Q, STM32U595RIT6, STM32U595RIT6Q, STM32U595RJT6, STM32U595RJT6Q, STM32U595VIT6, STM32U595VIT6Q, STM32U595VJT6, STM32U595VJT6Q, STM32U595ZIT6, STM32U595ZIT6Q, STM32U595ZIY6QTR, STM32U595ZJT6, STM32U595ZJT6Q, STM32U595ZJY6QTR, STM32U599BJY6QTR, STM32U599NIH6Q, STM32U599NJH6Q, STM32U599VIT6Q, STM32U599VJT6, STM32U599VJT6Q, STM32U599ZIT6Q, STM32U599ZIY6QTR, STM32U599ZJT6Q, STM32U599ZJY6QTR, STM32U5A5AJH6, STM32U5A5AJH6Q, STM32U5A5QJI6, STM32U5A5QJI6Q, STM32U5A5RJT6, STM32U5A5RJT6Q, STM32U5A5VJT6, STM32U5A5VJT6Q, STM32U5A5ZJT6, STM32U5A5ZJT6Q, STM32U5A5ZJY6QTR, STM32U5A9BJY6QTR, STM32U5A9J-DK, STM32U5A9NJH6Q, STM32U5A9VJT6Q, STM32U5A9ZJT6Q, STM32U5A9ZJY6QTR, STM32U5F7VIT6, STM32U5F7VIT6Q, STM32U5F7VJT6, STM32U5F7VJT6Q, STM32U5F9BJY6QTR, STM32U5F9NJH6Q, STM32U5F9VIT6Q, STM32U5F9VJT6Q, STM32U5F9ZIJ6QTR, STM32U5F9ZIT6Q, STM32U5F9ZJJ6QTR, STM32U5F9ZJT6Q, STM32U5G7VJT6, STM32U5G7VJT6Q, STM32U5G9BJY6QTR, STM32U5G9J-DK1, STM32U5G9J-DK2, STM32U5G9NJH6Q, STM32U5G9VJT6Q, STM32U5G9ZJJ6QTR, STM32U5G9ZJT6Q, STM32WB1MMCH6, STM32WBA50KEU6, STM32WBA50KEU6TR, STM32WBA50KGU6, STM32WBA50KGU6TR, STM32WBA52CEU6, STM32WBA52CEU6TR, STM32WBA52CEU7, STM32WBA52CEU7TR, STM32WBA52CGU6, STM32WBA52CGU6TR, STM32WBA52CGU6U, STM32WBA52CGU7, STM32WBA52CGU7TR, STM32WBA52KEU6, STM32WBA52KEU6TR, STM32WBA52KGU6, STM32WBA52KGU6TR, STM32WBA54CEU6, STM32WBA54CEU6TR, STM32WBA54CEU7, STM32WBA54CEU7TR, STM32WBA54CGU6, STM32WBA54CGU6TR, STM32WBA54CGU7, STM32WBA54CGU7TR, STM32WBA54KEU6, STM32WBA54KEU6TR, STM32WBA54KEU7, STM32WBA54KEU7TR, STM32WBA54KGU6, STM32WBA54KGU6TR, STM32WBA54KGU7, STM32WBA54KGU7TR, STM32WBA55CEU6, STM32WBA55CEU6TR, STM32WBA55CEU7, STM32WBA55CEU7TR, STM32WBA55CGU6, STM32WBA55CGU6TR, STM32WBA55CGU6U, STM32WBA55CGU7, STM32WBA55CGU7TR, STM32WBA55G-DK1, STM32WBA55HEF6, STM32WBA55HEF7, STM32WBA55HGF6, STM32WBA55HGF7, STM32WBA55UEI6, STM32WBA55UEI6TR, STM32WBA55UEI7, STM32WBA55UEI7TR, STM32WBA55UGI6, STM32WBA55UGI6TR, STM32WBA55UGI7, STM32WBA55UGI7TR, STM32WL5MOCH6, STM32WL5MOCH6TR]
2024-03-15 23:13:05,380 [INFO] DbMcus:218 - Found 3930 MCUs, 3930 are supported
2024-03-15 23:13:05,381 [INFO] ApiDb:423 - Load user favorites file /Users/Nick/.stm32cubeide/favorites.mcus.txt: 0 item(s)
2024-03-15 23:13:05,381 [INFO] ApiDb:427 - User favorites MCUs=[]
2024-03-15 23:13:05,381 [INFO] DbMcus:224 - Set 0 / 0 favorites MCUs
2024-03-15 23:13:05,794 [INFO] MicroXplorer:468 - Change Database Path : 
2024-03-15 23:13:05,794 [INFO] MicroXplorer:498 - Change Database Version : DB.6.0.100
2024-03-15 23:13:05,795 [WARN] ThirdParty:833 - waiting for thirdparty lock release [change project]
2024-03-15 23:13:05,795 [INFO] ThirdParty:835 - entering critical section [change project]
2024-03-15 23:13:05,795 [INFO] ThirdParty:1030 - CMSIS Pack Vendor :STMicroelectronics USBPD 4.1
2024-03-15 23:13:05,795 [INFO] ThirdParty:1030 - CMSIS Pack Vendor :STMicroelectronics X-CUBE-GNSS1 6.0.0
2024-03-15 23:13:05,795 [INFO] ThirdParty:1030 - CMSIS Pack Vendor :STMicroelectronics USB_HOST 2.0.0
2024-03-15 23:13:05,795 [INFO] ThirdParty:1030 - CMSIS Pack Vendor :STMicroelectronics X-CUBE-AZRTOS-F4 1.1.0
2024-03-15 23:13:05,795 [INFO] ThirdParty:1030 - CMSIS Pack Vendor :STMicroelectronics LIBJPEG 8.0.0
2024-03-15 23:13:05,795 [INFO] ThirdParty:1030 - CMSIS Pack Vendor :STMicroelectronics X-CUBE-SMBUS 2.1.0
2024-03-15 23:13:05,795 [INFO] ThirdParty:1030 - CMSIS Pack Vendor :STMicroelectronics USB_DEVICE 3.0.0
2024-03-15 23:13:05,796 [INFO] ThirdParty:1030 - CMSIS Pack Vendor :STMicroelectronics X-CUBE-AZRTOS-WB 2.0.0
2024-03-15 23:13:05,796 [INFO] ThirdParty:1030 - CMSIS Pack Vendor :wolfSSL I-CUBE-wolfSSL 5.6.6
2024-03-15 23:13:05,796 [INFO] ThirdParty:1030 - CMSIS Pack Vendor :STMicroelectronics X-CUBE-TOUCHGFX 4.23.0
2024-03-15 23:13:05,796 [INFO] ThirdParty:1030 - CMSIS Pack Vendor :STMicroelectronics X-CUBE-AZRTOS-F7 1.1.0
2024-03-15 23:13:05,796 [INFO] ThirdParty:1030 - CMSIS Pack Vendor :STMicroelectronics X-CUBE-AZRTOS-L5 2.0.0
2024-03-15 23:13:05,796 [INFO] ThirdParty:1030 - CMSIS Pack Vendor :STMicroelectronics USB_DEVICE 2.0.0
2024-03-15 23:13:05,796 [INFO] ThirdParty:1030 - CMSIS Pack Vendor :ITTIA_DB I-CUBE-ITTIADB 8.8.0
2024-03-15 23:13:05,796 [INFO] ThirdParty:1030 - CMSIS Pack Vendor :STMicroelectronics FP-SNS-MOTENV1 4.3.2
2024-03-15 23:13:05,796 [INFO] ThirdParty:1030 - CMSIS Pack Vendor :STMicroelectronics X-CUBE-ALGOBUILD 1.3.0
2024-03-15 23:13:05,796 [INFO] ThirdParty:1030 - CMSIS Pack Vendor :STMicroelectronics FreeRTOS 0.0.1
2024-03-15 23:13:05,796 [INFO] ThirdParty:1030 - CMSIS Pack Vendor :STMicroelectronics X-CUBE-AZRTOS-G0 1.1.0
2024-03-15 23:13:05,796 [INFO] ThirdParty:1030 - CMSIS Pack Vendor :STMicroelectronics X-CUBE-NFC4 3.0.0
2024-03-15 23:13:05,796 [INFO] ThirdParty:1030 - CMSIS Pack Vendor :STMicroelectronics X-CUBE-SUBG2 5.0.0
2024-03-15 23:13:05,796 [INFO] ThirdParty:1030 - CMSIS Pack Vendor :STMicroelectronics STM32_WPAN 1.0.0
2024-03-15 23:13:05,797 [INFO] ThirdParty:1030 - CMSIS Pack Vendor :STMicroelectronics lwIP 2.0.3
2024-03-15 23:13:05,797 [INFO] ThirdParty:1030 - CMSIS Pack Vendor :STMicroelectronics FP-SNS-FLIGHT1 5.0.2
2024-03-15 23:13:05,797 [INFO] ThirdParty:1030 - CMSIS Pack Vendor :STMicroelectronics USB_HOST 1.0.0
2024-03-15 23:13:05,797 [INFO] ThirdParty:1030 - CMSIS Pack Vendor :STMicroelectronics X-CUBE-AZRTOS-G4 2.0.0
2024-03-15 23:13:05,797 [INFO] ThirdParty:1030 - CMSIS Pack Vendor :STMicroelectronics PDM2PCM 3.1.0
2024-03-15 23:13:05,797 [INFO] ThirdParty:1030 - CMSIS Pack Vendor :Infineon AIROC-Wi-Fi-Bluetooth-STM32 1.5.1
2024-03-15 23:13:05,797 [INFO] ThirdParty:1030 - CMSIS Pack Vendor :STMicroelectronics PDM2PCM 3.3.0
2024-03-15 23:13:05,797 [INFO] ThirdParty:1030 - CMSIS Pack Vendor :STMicroelectronics X-CUBE-DISPLAY 3.0.0
2024-03-15 23:13:05,797 [INFO] ThirdParty:1030 - CMSIS Pack Vendor :STMicroelectronics FP-SNS-MOTENVWB1 1.3.1
2024-03-15 23:13:05,797 [INFO] ThirdParty:1030 - CMSIS Pack Vendor :STMicroelectronics X-CUBE-BLE1 7.0.0
2024-03-15 23:13:05,797 [INFO] ThirdParty:1030 - CMSIS Pack Vendor :STMicroelectronics FP-ATR-SIGFOX1 3.2.0
2024-03-15 23:13:05,797 [INFO] ThirdParty:1030 - CMSIS Pack Vendor :STMicroelectronics X-CUBE-ISPU 2.0.0
2024-03-15 23:13:05,797 [INFO] ThirdParty:1030 - CMSIS Pack Vendor :STMicroelectronics X-CUBE-EEPRMA1 5.1.0
2024-03-15 23:13:05,797 [INFO] ThirdParty:1030 - CMSIS Pack Vendor :STMicroelectronics HAL Drivers 0.0.0
2024-03-15 23:13:05,797 [INFO] ThirdParty:1030 - CMSIS Pack Vendor :STMicroelectronics MBEDTLS 2.16.2
2024-03-15 23:13:05,797 [INFO] ThirdParty:1030 - CMSIS Pack Vendor :emotas I-CUBE-CANOPEN 1.3.0
2024-03-15 23:13:05,798 [INFO] ThirdParty:1030 - CMSIS Pack Vendor :STMicroelectronics X-CUBE-MEMS1 10.0.0
2024-03-15 23:13:05,798 [INFO] ThirdParty:1030 - CMSIS Pack Vendor :STMicroelectronics X-CUBE-FREERTOS 1.1.0
2024-03-15 23:13:05,798 [INFO] ThirdParty:1030 - CMSIS Pack Vendor :STMicroelectronics X-CUBE-NFC7 1.0.1
2024-03-15 23:13:05,798 [INFO] ThirdParty:1030 - CMSIS Pack Vendor :STMicroelectronics MBEDTLS 2.14.1
2024-03-15 23:13:05,798 [INFO] ThirdParty:1030 - CMSIS Pack Vendor :STMicroelectronics X-CUBE-NFC6 3.0.0
2024-03-15 23:13:05,798 [INFO] ThirdParty:1030 - CMSIS Pack Vendor :portGmbH I-Cube-SoM-uGOAL 1.1.0
2024-03-15 23:13:05,798 [INFO] ThirdParty:1030 - CMSIS Pack Vendor :STMicroelectronics X-CUBE-ALS 1.0.1
2024-03-15 23:13:05,798 [INFO] ThirdParty:1030 - CMSIS Pack Vendor :STMicroelectronics X-CUBE-BLEMGR 3.1.0
2024-03-15 23:13:05,798 [INFO] ThirdParty:1030 - CMSIS Pack Vendor :STMicroelectronics ThreadX 1.0.0
2024-03-15 23:13:05,798 [INFO] ThirdParty:1030 - CMSIS Pack Vendor :STMicroelectronics FP-SNS-SMARTAG2 1.2.0
2024-03-15 23:13:05,798 [INFO] ThirdParty:1030 - CMSIS Pack Vendor :STMicroelectronics X-CUBE-AZRTOS-WL 2.0.0
2024-03-15 23:13:05,798 [INFO] ThirdParty:1030 - CMSIS Pack Vendor :SEGGER I-CUBE-embOS 1.3.1
2024-03-15 23:13:05,798 [INFO] ThirdParty:1030 - CMSIS Pack Vendor :STMicroelectronics USB_DEVICE 1.0.0
2024-03-15 23:13:05,798 [INFO] ThirdParty:1030 - CMSIS Pack Vendor :STMicroelectronics X-CUBE-AI 8.1.0
2024-03-15 23:13:05,798 [INFO] ThirdParty:1030 - CMSIS Pack Vendor :STMicroelectronics X-CUBE-AZRTOS-L4 2.0.0
2024-03-15 23:13:05,799 [INFO] ThirdParty:1030 - CMSIS Pack Vendor :STMicroelectronics ThreadX 0.0.2
2024-03-15 23:13:05,799 [INFO] ThirdParty:1030 - CMSIS Pack Vendor :WES I-CUBE-Cesium 1.3.0
2024-03-15 23:13:05,799 [INFO] ThirdParty:1030 - CMSIS Pack Vendor :STMicroelectronics FP-ATR-ASTRA1 2.0.0
2024-03-15 23:13:05,799 [INFO] ThirdParty:1030 - CMSIS Pack Vendor :STMicroelectronics lwIP 2.1.2
2024-03-15 23:13:05,799 [INFO] ThirdParty:1030 - CMSIS Pack Vendor :STMicroelectronics X-CUBE-SFXS2LP1 4.0.0
2024-03-15 23:13:05,799 [INFO] ThirdParty:1030 - CMSIS Pack Vendor :STMicroelectronics X-CUBE-BLE2 3.3.0
2024-03-15 23:13:05,799 [INFO] ThirdParty:1030 - CMSIS Pack Vendor :STMicroelectronics X-CUBE-TOF1 3.4.1
2024-03-15 23:13:05,799 [INFO] ThirdParty:1030 - CMSIS Pack Vendor :STMicroelectronics X-CUBE-AZRTOS-H7 3.2.0
2024-03-15 23:13:05,799 [INFO] ThirdParty:1030 - CMSIS Pack Vendor :STMicroelectronics PDM2PCM 3.2.0
2024-03-15 23:13:05,799 [INFO] ThirdParty:841 - exiting critical section [change project]
2024-03-15 23:13:06,379 [INFO] PinOutPanel:1499 - setPackage(No Configuration,No Configuration)
2024-03-15 23:13:06,380 [INFO] PinOutPanel:1499 - setPackage(STM32F407VETx,LQFP100)
2024-03-15 23:13:06,908 [INFO] UtilMem:75 - Before build in PCC Used Memory: 799206776 Bytes (1073741824)
2024-03-15 23:13:07,540 [INFO] UtilMem:75 - After build in PCC Used Memory: 911420864 Bytes (1073741824)
2024-03-15 23:13:07,609 [INFO] IPUIPlugin:80 - create IPUIPlugin
2024-03-15 23:13:07,609 [INFO] IPUIPlugin:80 - create IPUIPlugin
2024-03-15 23:13:07,609 [INFO] IPUIPlugin:80 - create IPUIPlugin
2024-03-15 23:13:07,610 [INFO] IPUIPlugin:80 - create IPUIPlugin
2024-03-15 23:13:07,610 [INFO] IPUIPlugin:80 - create IPUIPlugin
2024-03-15 23:13:07,610 [INFO] IPUIPlugin:80 - create IPUIPlugin
2024-03-15 23:13:07,610 [INFO] IPUIPlugin:80 - create IPUIPlugin
2024-03-15 23:13:07,611 [INFO] IPUIPlugin:80 - create IPUIPlugin
2024-03-15 23:13:07,611 [INFO] IPUIPlugin:80 - create IPUIPlugin
2024-03-15 23:13:07,611 [INFO] IPUIPlugin:80 - create IPUIPlugin
2024-03-15 23:13:07,611 [INFO] IPUIPlugin:80 - create IPUIPlugin
2024-03-15 23:13:07,611 [INFO] IPUIPlugin:80 - create IPUIPlugin
2024-03-15 23:13:07,612 [INFO] IPUIPlugin:80 - create IPUIPlugin
2024-03-15 23:13:07,612 [INFO] IPUIPlugin:80 - create IPUIPlugin
2024-03-15 23:13:07,613 [INFO] IPUIPlugin:80 - create IPUIPlugin
2024-03-15 23:13:07,613 [INFO] IPUIPlugin:80 - create IPUIPlugin
2024-03-15 23:13:07,613 [INFO] IPUIPlugin:80 - create IPUIPlugin
2024-03-15 23:13:07,613 [INFO] IPUIPlugin:80 - create IPUIPlugin
2024-03-15 23:13:07,613 [INFO] IPUIPlugin:80 - create IPUIPlugin
2024-03-15 23:13:07,614 [INFO] IPUIPlugin:80 - create IPUIPlugin
2024-03-15 23:13:07,614 [INFO] IPUIPlugin:80 - create IPUIPlugin
2024-03-15 23:13:07,614 [INFO] IPUIPlugin:80 - create IPUIPlugin
2024-03-15 23:13:07,614 [INFO] IPUIPlugin:80 - create IPUIPlugin
2024-03-15 23:13:07,614 [INFO] IPUIPlugin:80 - create IPUIPlugin
2024-03-15 23:13:07,615 [INFO] IPUIPlugin:80 - create IPUIPlugin
2024-03-15 23:13:07,615 [INFO] IPUIPlugin:80 - create IPUIPlugin
2024-03-15 23:13:07,615 [INFO] IPUIPlugin:80 - create IPUIPlugin
2024-03-15 23:13:07,615 [INFO] IPUIPlugin:80 - create IPUIPlugin
2024-03-15 23:13:07,615 [INFO] IPUIPlugin:80 - create IPUIPlugin
2024-03-15 23:13:07,616 [INFO] IPUIPlugin:80 - create IPUIPlugin
2024-03-15 23:13:07,616 [INFO] IPUIPlugin:80 - create IPUIPlugin
2024-03-15 23:13:07,616 [INFO] IPUIPlugin:80 - create IPUIPlugin
2024-03-15 23:13:07,616 [INFO] IPUIPlugin:80 - create IPUIPlugin
2024-03-15 23:13:07,616 [INFO] IPUIPlugin:80 - create IPUIPlugin
2024-03-15 23:13:07,616 [INFO] IPUIPlugin:80 - create IPUIPlugin
2024-03-15 23:13:07,616 [INFO] IPUIPlugin:80 - create IPUIPlugin
2024-03-15 23:13:07,617 [INFO] IPUIPlugin:80 - create IPUIPlugin
2024-03-15 23:13:07,617 [INFO] IPUIPlugin:80 - create IPUIPlugin
2024-03-15 23:13:07,617 [INFO] IPUIPlugin:80 - create IPUIPlugin
2024-03-15 23:13:07,617 [INFO] IPUIPlugin:80 - create IPUIPlugin
2024-03-15 23:13:07,617 [INFO] IPUIPlugin:80 - create IPUIPlugin
2024-03-15 23:13:07,617 [INFO] IPUIPlugin:80 - create IPUIPlugin
2024-03-15 23:13:07,618 [INFO] IPUIPlugin:80 - create IPUIPlugin
2024-03-15 23:13:07,618 [INFO] IPUIPlugin:80 - create IPUIPlugin
2024-03-15 23:13:07,618 [INFO] IPUIPlugin:80 - create IPUIPlugin
2024-03-15 23:13:07,618 [INFO] IPUIPlugin:80 - create IPUIPlugin
2024-03-15 23:13:07,618 [INFO] IPUIPlugin:80 - create IPUIPlugin
2024-03-15 23:13:07,619 [INFO] IPUIPlugin:80 - create IPUIPlugin
2024-03-15 23:13:07,619 [INFO] IPUIPlugin:80 - create IPUIPlugin
2024-03-15 23:13:07,620 [INFO] IPUIPlugin:80 - create IPUIPlugin
2024-03-15 23:13:07,620 [INFO] IPUIPlugin:80 - create IPUIPlugin
2024-03-15 23:13:07,621 [INFO] IPUIPlugin:80 - create IPUIPlugin
2024-03-15 23:13:07,621 [INFO] IPUIPlugin:80 - create IPUIPlugin
2024-03-15 23:13:07,622 [INFO] IPUIPlugin:80 - create IPUIPlugin
2024-03-15 23:13:07,622 [INFO] IPUIPlugin:80 - create IPUIPlugin
2024-03-15 23:13:07,623 [INFO] IPUIPlugin:80 - create IPUIPlugin
2024-03-15 23:13:07,623 [INFO] IPUIPlugin:80 - create IPUIPlugin
2024-03-15 23:13:07,624 [INFO] IPUIPlugin:80 - create IPUIPlugin
2024-03-15 23:13:07,670 [INFO] ApiDbMcu:508 - Load IP Config File for PDM2PCM
2024-03-15 23:13:07,931 [INFO] CADModel:165 - CPN selected for project levelSTM32F407VET6
2024-03-15 23:13:07,931 [INFO] CADModel:114 - Register for checkConnection events
2024-03-15 23:13:07,969 [INFO] OpenFileManager:343 - Restore cursor
2024-03-15 23:13:50,613 [INFO] NvicIntPanel:101 - NVIC parent = com.st.microxplorer.plugins.ip.nvic.MultiNvicIntPanel[,0,0,0x0,invalid,layout=javax.swing.BoxLayout,alignmentX=0.0,alignmentY=0.0,border=,flags=9,maximumSize=,minimumSize=,preferredSize=]
2024-03-15 23:13:52,809 [INFO] NvicIntPanel:101 - NVIC parent = com.st.microxplorer.plugins.ip.nvic.MultiNvicIntPanel[,0,0,0x0,invalid,layout=javax.swing.BoxLayout,alignmentX=0.0,alignmentY=0.0,border=,flags=9,maximumSize=,minimumSize=,preferredSize=]
2024-03-15 23:14:51,524 [INFO] UtilMem:75 - End SaveConfig() Used Memory: 682060648 Bytes (1073741824)
2024-03-15 23:14:53,285 [INFO] UtilMem:75 - End SaveConfig() Used Memory: 635274192 Bytes (1073741824)
2024-03-15 23:14:54,662 [INFO] UtilMem:75 - End SaveConfig() Used Memory: 674597840 Bytes (1073741824)
2024-03-15 23:14:55,098 [INFO] BlockDiagram:2759 - set Specific Code input for plugin: SPI
2024-03-15 23:14:55,098 [INFO] BlockDiagram:2759 - set Specific Code input for plugin: SYS
2024-03-15 23:14:55,098 [INFO] BlockDiagram:2759 - set Specific Code input for plugin: RCC
2024-03-15 23:14:55,098 [INFO] BlockDiagram:2759 - set Specific Code input for plugin: NVIC
2024-03-15 23:14:55,099 [INFO] BlockDiagram:2759 - set Specific Code input for plugin: GPIO
2024-03-15 23:14:55,099 [INFO] CodeGenerator:807 - code generatio: config db path: /Applications/STM32CubeIDE.app/Contents/Eclipse/plugins/com.st.stm32cube.common.mx_6.10.0.202311202037//db/
2024-03-15 23:14:55,484 [INFO] CodeEngine:255 - oldGeneratedFile, /Users/Nick/Projects/STM32CubeIDE/workspace_1.14.0/rocket_code/MXTmpFiles/license.tmp_save
2024-03-15 23:14:55,879 [INFO] CodeEngine:279 - Generated code: /Users/Nick/Projects/STM32CubeIDE/workspace_1.14.0/rocket_code/MXTmpFiles/license.tmp
2024-03-15 23:14:55,927 [INFO] CodeEngine:255 - oldGeneratedFile, /Users/Nick/Projects/STM32CubeIDE/workspace_1.14.0/rocket_code/MXTmpFiles/gpio.tmp_save
2024-03-15 23:14:56,065 [INFO] CodeEngine:279 - Generated code: /Users/Nick/Projects/STM32CubeIDE/workspace_1.14.0/rocket_code/MXTmpFiles/gpio.tmp
2024-03-15 23:14:56,125 [INFO] CodeEngine:255 - oldGeneratedFile, /Users/Nick/Projects/STM32CubeIDE/workspace_1.14.0/rocket_code/Core/Src/stm32f4xx_it.c_save
2024-03-15 23:14:56,261 [INFO] CodeEngine:279 - Generated code: /Users/Nick/Projects/STM32CubeIDE/workspace_1.14.0/rocket_code/Core/Src/stm32f4xx_it.c
2024-03-15 23:14:56,264 [INFO] CodeEngine:255 - oldGeneratedFile, /Users/Nick/Projects/STM32CubeIDE/workspace_1.14.0/rocket_code/Core/Inc/stm32f4xx_it.h_save
2024-03-15 23:14:56,376 [INFO] CodeEngine:279 - Generated code: /Users/Nick/Projects/STM32CubeIDE/workspace_1.14.0/rocket_code/Core/Inc/stm32f4xx_it.h
2024-03-15 23:14:56,382 [INFO] CodeEngine:255 - oldGeneratedFile, /Users/Nick/Projects/STM32CubeIDE/workspace_1.14.0/rocket_code/Core/Src/stm32f4xx_hal_msp.c_save
2024-03-15 23:14:56,526 [INFO] CodeEngine:279 - Generated code: /Users/Nick/Projects/STM32CubeIDE/workspace_1.14.0/rocket_code/Core/Src/stm32f4xx_hal_msp.c
2024-03-15 23:14:56,527 [INFO] CodeEngine:255 - oldGeneratedFile, /Users/Nick/Projects/STM32CubeIDE/workspace_1.14.0/rocket_code/MXTmpFiles/system.tmp_save
2024-03-15 23:14:56,615 [INFO] CodeEngine:279 - Generated code: /Users/Nick/Projects/STM32CubeIDE/workspace_1.14.0/rocket_code/MXTmpFiles/system.tmp
2024-03-15 23:14:56,621 [INFO] CodeEngine:311 - oldGeneratedFile, /Users/Nick/Projects/STM32CubeIDE/workspace_1.14.0/rocket_code/Core/Inc/stm32f4xx_hal_conf.h_save
2024-03-15 23:14:56,721 [INFO] CodeEngine:335 - Generated code: /Users/Nick/Projects/STM32CubeIDE/workspace_1.14.0/rocket_code/Core/Inc/stm32f4xx_hal_conf.h
2024-03-15 23:14:56,758 [INFO] CodeEngine:255 - oldGeneratedFile, /Users/Nick/Projects/STM32CubeIDE/workspace_1.14.0/rocket_code/Core/Inc/main.h_save
2024-03-15 23:14:56,884 [INFO] CodeEngine:279 - Generated code: /Users/Nick/Projects/STM32CubeIDE/workspace_1.14.0/rocket_code/Core/Inc/main.h
2024-03-15 23:14:56,887 [INFO] CodeEngine:255 - oldGeneratedFile, /Users/Nick/Projects/STM32CubeIDE/workspace_1.14.0/rocket_code/Core/Src/main.c_save
2024-03-15 23:14:57,064 [INFO] CodeEngine:279 - Generated code: /Users/Nick/Projects/STM32CubeIDE/workspace_1.14.0/rocket_code/Core/Src/main.c
2024-03-15 23:14:58,017 [INFO] ProjectBuilder:3076 - Time for Copy HAL[1] : 190mS.
2024-03-15 23:14:58,028 [INFO] ProjectBuilder:4485 - Project Generator version: 4.2.0-B44
2024-03-15 23:14:58,788 [INFO] ConfigFileManager:1495 - The Die is : DIE413
2024-03-15 23:14:58,798 [INFO] ApiDbMcu:508 - Load IP Config File for FATFS
2024-03-15 23:14:58,807 [INFO] ApiDbMcu:508 - Load IP Config File for FREERTOS
2024-03-15 23:14:58,811 [INFO] ApiDbMcu:508 - Load IP Config File for LIBJPEG
2024-03-15 23:14:58,822 [INFO] ApiDbMcu:508 - Load IP Config File for LWIP
2024-03-15 23:14:58,902 [INFO] ApiDbMcu:508 - Load IP Config File for MBEDTLS
2024-03-15 23:14:58,922 [INFO] ApiDbMcu:508 - Load IP Config File for USB_DEVICE
2024-03-15 23:14:58,927 [INFO] ApiDbMcu:508 - Load IP Config File for USB_HOST
2024-03-15 23:15:00,191 [INFO] LogOutputStream:77 - [STDOUT_REDIRECT] 
2024-03-15 23:15:01,030 [INFO] ProjectBuilder:4747 - Time for Generating toolchain IDE Files: 3001mS.
2024-03-15 23:15:01,030 [INFO] ProjectBuilder:2947 - Time for Copy CMSIS : 0mS.
2024-03-15 23:15:01,039 [INFO] ProjectBuilder:2947 - Time for Copy CMSIS : 0mS.
2024-03-15 23:15:39,982 [INFO] UtilMem:75 - End SaveConfig() Used Memory: 718505576 Bytes (1073741824)
2024-03-15 23:15:42,170 [INFO] UtilMem:75 - End SaveConfig() Used Memory: 747409984 Bytes (1073741824)
2024-03-15 23:15:43,925 [INFO] UtilMem:75 - End SaveConfig() Used Memory: 786663016 Bytes (1073741824)
2024-03-15 23:15:44,116 [INFO] BlockDiagram:2759 - set Specific Code input for plugin: SPI
2024-03-15 23:15:44,116 [INFO] BlockDiagram:2759 - set Specific Code input for plugin: SYS
2024-03-15 23:15:44,116 [INFO] BlockDiagram:2759 - set Specific Code input for plugin: RCC
2024-03-15 23:15:44,117 [INFO] BlockDiagram:2759 - set Specific Code input for plugin: NVIC
2024-03-15 23:15:44,117 [INFO] BlockDiagram:2759 - set Specific Code input for plugin: GPIO
2024-03-15 23:15:44,118 [INFO] CodeGenerator:807 - code generatio: config db path: /Applications/STM32CubeIDE.app/Contents/Eclipse/plugins/com.st.stm32cube.common.mx_6.10.0.202311202037//db/
2024-03-15 23:15:44,286 [INFO] CodeEngine:255 - oldGeneratedFile, /Users/Nick/Projects/STM32CubeIDE/workspace_1.14.0/rocket_code/MXTmpFiles/license.tmp_save
2024-03-15 23:15:44,366 [INFO] CodeEngine:279 - Generated code: /Users/Nick/Projects/STM32CubeIDE/workspace_1.14.0/rocket_code/MXTmpFiles/license.tmp
2024-03-15 23:15:44,386 [INFO] CodeEngine:255 - oldGeneratedFile, /Users/Nick/Projects/STM32CubeIDE/workspace_1.14.0/rocket_code/MXTmpFiles/gpio.tmp_save
2024-03-15 23:15:44,564 [INFO] CodeEngine:279 - Generated code: /Users/Nick/Projects/STM32CubeIDE/workspace_1.14.0/rocket_code/MXTmpFiles/gpio.tmp
2024-03-15 23:15:44,691 [INFO] CodeEngine:255 - oldGeneratedFile, /Users/Nick/Projects/STM32CubeIDE/workspace_1.14.0/rocket_code/Core/Src/stm32f4xx_it.c_save
2024-03-15 23:15:44,809 [INFO] CodeEngine:279 - Generated code: /Users/Nick/Projects/STM32CubeIDE/workspace_1.14.0/rocket_code/Core/Src/stm32f4xx_it.c
2024-03-15 23:15:44,815 [INFO] CodeEngine:255 - oldGeneratedFile, /Users/Nick/Projects/STM32CubeIDE/workspace_1.14.0/rocket_code/Core/Inc/stm32f4xx_it.h_save
2024-03-15 23:15:44,903 [INFO] CodeEngine:279 - Generated code: /Users/Nick/Projects/STM32CubeIDE/workspace_1.14.0/rocket_code/Core/Inc/stm32f4xx_it.h
2024-03-15 23:15:44,911 [INFO] CodeEngine:255 - oldGeneratedFile, /Users/Nick/Projects/STM32CubeIDE/workspace_1.14.0/rocket_code/Core/Src/stm32f4xx_hal_msp.c_save
2024-03-15 23:15:45,035 [INFO] CodeEngine:279 - Generated code: /Users/Nick/Projects/STM32CubeIDE/workspace_1.14.0/rocket_code/Core/Src/stm32f4xx_hal_msp.c
2024-03-15 23:15:45,038 [INFO] CodeEngine:255 - oldGeneratedFile, /Users/Nick/Projects/STM32CubeIDE/workspace_1.14.0/rocket_code/MXTmpFiles/system.tmp_save
2024-03-15 23:15:45,118 [INFO] CodeEngine:279 - Generated code: /Users/Nick/Projects/STM32CubeIDE/workspace_1.14.0/rocket_code/MXTmpFiles/system.tmp
2024-03-15 23:15:45,123 [INFO] CodeEngine:311 - oldGeneratedFile, /Users/Nick/Projects/STM32CubeIDE/workspace_1.14.0/rocket_code/Core/Inc/stm32f4xx_hal_conf.h_save
2024-03-15 23:15:45,228 [INFO] CodeEngine:335 - Generated code: /Users/Nick/Projects/STM32CubeIDE/workspace_1.14.0/rocket_code/Core/Inc/stm32f4xx_hal_conf.h
2024-03-15 23:15:45,257 [INFO] CodeEngine:255 - oldGeneratedFile, /Users/Nick/Projects/STM32CubeIDE/workspace_1.14.0/rocket_code/Core/Inc/main.h_save
2024-03-15 23:15:45,347 [INFO] CodeEngine:279 - Generated code: /Users/Nick/Projects/STM32CubeIDE/workspace_1.14.0/rocket_code/Core/Inc/main.h
2024-03-15 23:15:45,351 [INFO] CodeEngine:255 - oldGeneratedFile, /Users/Nick/Projects/STM32CubeIDE/workspace_1.14.0/rocket_code/Core/Src/main.c_save
2024-03-15 23:15:45,469 [INFO] CodeEngine:279 - Generated code: /Users/Nick/Projects/STM32CubeIDE/workspace_1.14.0/rocket_code/Core/Src/main.c
2024-03-15 23:15:46,300 [INFO] ProjectBuilder:3076 - Time for Copy HAL[1] : 264mS.
2024-03-15 23:15:46,302 [INFO] ProjectBuilder:4485 - Project Generator version: 4.2.0-B44
2024-03-15 23:15:46,934 [INFO] ConfigFileManager:1495 - The Die is : DIE413
2024-03-15 23:15:49,863 [INFO] ProjectBuilder:4747 - Time for Generating toolchain IDE Files: 3560mS.
2024-03-15 23:15:49,864 [INFO] ProjectBuilder:2947 - Time for Copy CMSIS : 0mS.
2024-03-15 23:15:49,865 [INFO] ProjectBuilder:2947 - Time for Copy CMSIS : 0mS.
2024-03-15 23:21:57,264 [INFO] LogOutputStream:77 - [STDOUT_REDIRECT] Doc changed: file:///Users/Nick/Projects/STM32CubeIDE/workspace_1.14.0/rocket_code/Core/Src/NRF24L01.c null
2024-03-15 23:21:59,983 [INFO] LogOutputStream:77 - [STDOUT_REDIRECT] Doc changed: file:///Users/Nick/Projects/STM32CubeIDE/workspace_1.14.0/rocket_code/Core/Src/nrf24.c null
2024-03-15 23:30:27,056 [INFO] NvicIntPanel:101 - NVIC parent = com.st.microxplorer.plugins.ip.nvic.MultiNvicIntPanel[,0,0,0x0,invalid,layout=javax.swing.BoxLayout,alignmentX=0.0,alignmentY=0.0,border=,flags=9,maximumSize=,minimumSize=,preferredSize=]
2024-03-15 23:30:51,884 [INFO] UtilMem:75 - End SaveConfig() Used Memory: 829734104 Bytes (1073741824)
2024-03-15 23:30:53,452 [INFO] UtilMem:75 - End SaveConfig() Used Memory: 857523416 Bytes (1073741824)
2024-03-15 23:30:54,857 [INFO] UtilMem:75 - End SaveConfig() Used Memory: 894223576 Bytes (1073741824)
2024-03-15 23:30:55,159 [INFO] BlockDiagram:2759 - set Specific Code input for plugin: SPI
2024-03-15 23:30:55,160 [INFO] BlockDiagram:2759 - set Specific Code input for plugin: SYS
2024-03-15 23:30:55,160 [INFO] BlockDiagram:2759 - set Specific Code input for plugin: RCC
2024-03-15 23:30:55,160 [INFO] BlockDiagram:2759 - set Specific Code input for plugin: NVIC
2024-03-15 23:30:55,161 [INFO] BlockDiagram:2759 - set Specific Code input for plugin: GPIO
2024-03-15 23:30:55,162 [INFO] CodeGenerator:807 - code generatio: config db path: /Applications/STM32CubeIDE.app/Contents/Eclipse/plugins/com.st.stm32cube.common.mx_6.10.0.202311202037//db/
2024-03-15 23:30:55,326 [INFO] CodeEngine:255 - oldGeneratedFile, /Users/Nick/Projects/STM32CubeIDE/workspace_1.14.0/rocket_code/MXTmpFiles/license.tmp_save
2024-03-15 23:30:55,448 [INFO] CodeEngine:279 - Generated code: /Users/Nick/Projects/STM32CubeIDE/workspace_1.14.0/rocket_code/MXTmpFiles/license.tmp
2024-03-15 23:30:55,465 [INFO] CodeEngine:255 - oldGeneratedFile, /Users/Nick/Projects/STM32CubeIDE/workspace_1.14.0/rocket_code/MXTmpFiles/gpio.tmp_save
2024-03-15 23:30:55,551 [INFO] CodeEngine:279 - Generated code: /Users/Nick/Projects/STM32CubeIDE/workspace_1.14.0/rocket_code/MXTmpFiles/gpio.tmp
2024-03-15 23:30:55,591 [INFO] CodeEngine:255 - oldGeneratedFile, /Users/Nick/Projects/STM32CubeIDE/workspace_1.14.0/rocket_code/Core/Src/stm32f4xx_it.c_save
2024-03-15 23:30:55,870 [INFO] CodeEngine:279 - Generated code: /Users/Nick/Projects/STM32CubeIDE/workspace_1.14.0/rocket_code/Core/Src/stm32f4xx_it.c
2024-03-15 23:30:55,873 [INFO] CodeEngine:255 - oldGeneratedFile, /Users/Nick/Projects/STM32CubeIDE/workspace_1.14.0/rocket_code/Core/Inc/stm32f4xx_it.h_save
2024-03-15 23:30:55,939 [INFO] CodeEngine:279 - Generated code: /Users/Nick/Projects/STM32CubeIDE/workspace_1.14.0/rocket_code/Core/Inc/stm32f4xx_it.h
2024-03-15 23:30:55,945 [INFO] CodeEngine:255 - oldGeneratedFile, /Users/Nick/Projects/STM32CubeIDE/workspace_1.14.0/rocket_code/Core/Src/stm32f4xx_hal_msp.c_save
2024-03-15 23:30:56,051 [INFO] CodeEngine:279 - Generated code: /Users/Nick/Projects/STM32CubeIDE/workspace_1.14.0/rocket_code/Core/Src/stm32f4xx_hal_msp.c
2024-03-15 23:30:56,053 [INFO] CodeEngine:255 - oldGeneratedFile, /Users/Nick/Projects/STM32CubeIDE/workspace_1.14.0/rocket_code/MXTmpFiles/system.tmp_save
2024-03-15 23:30:56,113 [INFO] CodeEngine:279 - Generated code: /Users/Nick/Projects/STM32CubeIDE/workspace_1.14.0/rocket_code/MXTmpFiles/system.tmp
2024-03-15 23:30:56,118 [INFO] CodeEngine:311 - oldGeneratedFile, /Users/Nick/Projects/STM32CubeIDE/workspace_1.14.0/rocket_code/Core/Inc/stm32f4xx_hal_conf.h_save
2024-03-15 23:30:56,188 [INFO] CodeEngine:335 - Generated code: /Users/Nick/Projects/STM32CubeIDE/workspace_1.14.0/rocket_code/Core/Inc/stm32f4xx_hal_conf.h
2024-03-15 23:30:56,212 [INFO] CodeEngine:255 - oldGeneratedFile, /Users/Nick/Projects/STM32CubeIDE/workspace_1.14.0/rocket_code/Core/Inc/main.h_save
2024-03-15 23:30:56,294 [INFO] CodeEngine:279 - Generated code: /Users/Nick/Projects/STM32CubeIDE/workspace_1.14.0/rocket_code/Core/Inc/main.h
2024-03-15 23:30:56,297 [INFO] CodeEngine:255 - oldGeneratedFile, /Users/Nick/Projects/STM32CubeIDE/workspace_1.14.0/rocket_code/Core/Src/main.c_save
2024-03-15 23:30:56,424 [INFO] CodeEngine:279 - Generated code: /Users/Nick/Projects/STM32CubeIDE/workspace_1.14.0/rocket_code/Core/Src/main.c
2024-03-15 23:30:57,199 [INFO] ProjectBuilder:3076 - Time for Copy HAL[1] : 210mS.
2024-03-15 23:30:57,201 [INFO] ProjectBuilder:4485 - Project Generator version: 4.2.0-B44
2024-03-15 23:30:57,669 [INFO] ConfigFileManager:1495 - The Die is : DIE413
2024-03-15 23:30:59,864 [INFO] ProjectBuilder:4747 - Time for Generating toolchain IDE Files: 2663mS.
2024-03-15 23:30:59,864 [INFO] ProjectBuilder:2947 - Time for Copy CMSIS : 0mS.
2024-03-15 23:30:59,866 [INFO] ProjectBuilder:2947 - Time for Copy CMSIS : 0mS.
2024-03-15 23:33:00,075 [INFO] NvicIntPanel:101 - NVIC parent = com.st.microxplorer.plugins.ip.nvic.MultiNvicIntPanel[,0,0,0x0,invalid,layout=javax.swing.BoxLayout,alignmentX=0.0,alignmentY=0.0,border=,flags=9,maximumSize=,minimumSize=,preferredSize=]
2024-03-15 23:33:06,026 [INFO] UtilMem:75 - End SaveConfig() Used Memory: 613506880 Bytes (1073741824)
2024-03-15 23:33:08,990 [INFO] UtilMem:75 - End SaveConfig() Used Memory: 642340672 Bytes (1073741824)
2024-03-15 23:33:10,893 [INFO] UtilMem:75 - End SaveConfig() Used Memory: 681140032 Bytes (1073741824)
2024-03-15 23:33:11,079 [INFO] BlockDiagram:2759 - set Specific Code input for plugin: SPI
2024-03-15 23:33:11,079 [INFO] BlockDiagram:2759 - set Specific Code input for plugin: SYS
2024-03-15 23:33:11,079 [INFO] BlockDiagram:2759 - set Specific Code input for plugin: RCC
2024-03-15 23:33:11,079 [INFO] BlockDiagram:2759 - set Specific Code input for plugin: NVIC
2024-03-15 23:33:11,079 [INFO] BlockDiagram:2759 - set Specific Code input for plugin: GPIO
2024-03-15 23:33:11,080 [INFO] CodeGenerator:807 - code generatio: config db path: /Applications/STM32CubeIDE.app/Contents/Eclipse/plugins/com.st.stm32cube.common.mx_6.10.0.202311202037//db/
2024-03-15 23:33:11,248 [INFO] CodeEngine:255 - oldGeneratedFile, /Users/Nick/Projects/STM32CubeIDE/workspace_1.14.0/rocket_code/MXTmpFiles/license.tmp_save
2024-03-15 23:33:11,347 [INFO] CodeEngine:279 - Generated code: /Users/Nick/Projects/STM32CubeIDE/workspace_1.14.0/rocket_code/MXTmpFiles/license.tmp
2024-03-15 23:33:11,364 [INFO] CodeEngine:255 - oldGeneratedFile, /Users/Nick/Projects/STM32CubeIDE/workspace_1.14.0/rocket_code/MXTmpFiles/gpio.tmp_save
2024-03-15 23:33:11,523 [INFO] CodeEngine:279 - Generated code: /Users/Nick/Projects/STM32CubeIDE/workspace_1.14.0/rocket_code/MXTmpFiles/gpio.tmp
2024-03-15 23:33:11,572 [INFO] CodeEngine:255 - oldGeneratedFile, /Users/Nick/Projects/STM32CubeIDE/workspace_1.14.0/rocket_code/Core/Src/stm32f4xx_it.c_save
2024-03-15 23:33:11,828 [INFO] CodeEngine:279 - Generated code: /Users/Nick/Projects/STM32CubeIDE/workspace_1.14.0/rocket_code/Core/Src/stm32f4xx_it.c
2024-03-15 23:33:11,831 [INFO] CodeEngine:255 - oldGeneratedFile, /Users/Nick/Projects/STM32CubeIDE/workspace_1.14.0/rocket_code/Core/Inc/stm32f4xx_it.h_save
2024-03-15 23:33:11,886 [INFO] CodeEngine:279 - Generated code: /Users/Nick/Projects/STM32CubeIDE/workspace_1.14.0/rocket_code/Core/Inc/stm32f4xx_it.h
2024-03-15 23:33:11,892 [INFO] CodeEngine:255 - oldGeneratedFile, /Users/Nick/Projects/STM32CubeIDE/workspace_1.14.0/rocket_code/Core/Src/stm32f4xx_hal_msp.c_save
2024-03-15 23:33:11,994 [INFO] CodeEngine:279 - Generated code: /Users/Nick/Projects/STM32CubeIDE/workspace_1.14.0/rocket_code/Core/Src/stm32f4xx_hal_msp.c
2024-03-15 23:33:11,996 [INFO] CodeEngine:255 - oldGeneratedFile, /Users/Nick/Projects/STM32CubeIDE/workspace_1.14.0/rocket_code/MXTmpFiles/system.tmp_save
2024-03-15 23:33:12,059 [INFO] CodeEngine:279 - Generated code: /Users/Nick/Projects/STM32CubeIDE/workspace_1.14.0/rocket_code/MXTmpFiles/system.tmp
2024-03-15 23:33:12,064 [INFO] CodeEngine:311 - oldGeneratedFile, /Users/Nick/Projects/STM32CubeIDE/workspace_1.14.0/rocket_code/Core/Inc/stm32f4xx_hal_conf.h_save
2024-03-15 23:33:12,143 [INFO] CodeEngine:335 - Generated code: /Users/Nick/Projects/STM32CubeIDE/workspace_1.14.0/rocket_code/Core/Inc/stm32f4xx_hal_conf.h
2024-03-15 23:33:12,194 [INFO] CodeEngine:255 - oldGeneratedFile, /Users/Nick/Projects/STM32CubeIDE/workspace_1.14.0/rocket_code/Core/Inc/main.h_save
2024-03-15 23:33:12,282 [INFO] CodeEngine:279 - Generated code: /Users/Nick/Projects/STM32CubeIDE/workspace_1.14.0/rocket_code/Core/Inc/main.h
2024-03-15 23:33:12,286 [INFO] CodeEngine:255 - oldGeneratedFile, /Users/Nick/Projects/STM32CubeIDE/workspace_1.14.0/rocket_code/Core/Src/main.c_save
2024-03-15 23:33:12,415 [INFO] CodeEngine:279 - Generated code: /Users/Nick/Projects/STM32CubeIDE/workspace_1.14.0/rocket_code/Core/Src/main.c
2024-03-15 23:33:13,096 [INFO] ProjectBuilder:3076 - Time for Copy HAL[1] : 170mS.
2024-03-15 23:33:13,098 [INFO] ProjectBuilder:4485 - Project Generator version: 4.2.0-B44
2024-03-15 23:33:13,562 [INFO] ConfigFileManager:1495 - The Die is : DIE413
2024-03-15 23:33:15,412 [INFO] ProjectBuilder:4747 - Time for Generating toolchain IDE Files: 2314mS.
2024-03-15 23:33:15,413 [INFO] ProjectBuilder:2947 - Time for Copy CMSIS : 1mS.
2024-03-15 23:33:15,415 [INFO] ProjectBuilder:2947 - Time for Copy CMSIS : 0mS.
